2024-11-27 14:28:32,225 - INFO - Logging initialized
2024-11-27 14:28:32,225 - INFO - Starting Product Dashboard application
2024-11-27 14:28:32,349 - INFO - Initializing ProductDashboard
2024-11-27 14:28:32,376 - INFO - Performing initial data fetch
2024-11-27 14:28:32,376 - INFO - Fetching products from API - Page 1
2024-11-27 14:28:32,408 - INFO - Successfully fetched 10 products
2024-11-27 14:28:32,408 - INFO - Updating UI with fetched products
2024-11-27 14:28:32,409 - INFO - UI update completed successfully
2024-11-27 14:28:32,410 - INFO - Application initialized. Log file: logs/product_dashboard_20241127_142832.log
2024-11-27 14:28:32,411 - INFO - Starting main loop
2024-11-27 14:28:34,684 - INFO - Moving to next page
2024-11-27 14:28:34,685 - INFO - Fetching products from API - Page 2
2024-11-27 14:28:34,701 - INFO - Successfully fetched 10 products
2024-11-27 14:28:34,702 - INFO - Updating UI with fetched products
2024-11-27 14:28:34,704 - INFO - UI update completed successfully
2024-11-27 14:28:35,145 - INFO - Moving to next page
2024-11-27 14:28:35,145 - INFO - Fetching products from API - Page 3
2024-11-27 14:28:35,161 - INFO - Successfully fetched 10 products
2024-11-27 14:28:35,161 - INFO - Updating UI with fetched products
2024-11-27 14:28:35,162 - INFO - UI update completed successfully
2024-11-27 14:28:35,559 - INFO - Moving to next page
2024-11-27 14:28:35,559 - INFO - Fetching products from API - Page 4
2024-11-27 14:28:35,577 - INFO - Successfully fetched 10 products
2024-11-27 14:28:35,577 - INFO - Updating UI with fetched products
2024-11-27 14:28:35,578 - INFO - UI update completed successfully
2024-11-27 14:28:36,156 - INFO - Moving to next page
2024-11-27 14:28:36,157 - INFO - Fetching products from API - Page 5
2024-11-27 14:28:36,172 - INFO - Successfully fetched 10 products
2024-11-27 14:28:36,172 - INFO - Updating UI with fetched products
2024-11-27 14:28:36,173 - INFO - UI update completed successfully
2024-11-27 14:29:43,628 - INFO - Application shutting down
