2024-12-02 12:51:28,731 - INFO - Logging initialized
2024-12-02 12:51:28,731 - INFO - Starting Product Dashboard application
2024-12-02 12:51:28,778 - INFO - Initializing ProductDashboard
2024-12-02 12:51:28,795 - INFO - Fetching products from API - Page 1
2024-12-02 12:51:28,796 - INFO - API Request Details:
2024-12-02 12:51:28,796 - INFO -   Endpoint: http://localhost:5000/api/products
2024-12-02 12:51:28,796 - INFO -   Method: GET
2024-12-02 12:51:28,797 - INFO -   Parameters: {'page': 1, 'limit': 10}
2024-12-02 12:51:28,827 - INFO - API Response Details:
2024-12-02 12:51:28,828 - INFO -   Status Code: 200
2024-12-02 12:51:28,829 - INFO -   Response Time: 0.028 seconds
2024-12-02 12:51:28,829 - INFO -   Content Type: application/json; charset=utf-8
2024-12-02 12:51:28,830 - INFO - Pagination Details:
2024-12-02 12:51:28,830 - INFO -   Total Products: Not specified
2024-12-02 12:51:28,830 - INFO -   Current Page: 1
2024-12-02 12:51:28,830 - INFO -   Total Pages: 9
2024-12-02 12:51:28,831 - INFO -   Items Per Page: 10
2024-12-02 12:51:28,831 - INFO - Products Summary:
2024-12-02 12:51:28,831 - INFO -   Products Retrieved: 10
2024-12-02 12:51:28,831 - INFO -   Categories Present: 
2024-12-02 12:51:28,832 - INFO -   Price Range: $28.68 - $185.00
2024-12-02 12:51:28,832 - INFO - Successfully fetched and processed product data
2024-12-02 12:51:28,832 - INFO - Updating UI with fetched products
2024-12-02 12:51:28,843 - INFO - UI update completed successfully
2024-12-02 12:51:28,843 - INFO - Product fetch operation completed
2024-12-02 12:51:28,844 - INFO - Performing initial data fetch
2024-12-02 12:51:28,845 - INFO - Fetching products from API - Page 1
2024-12-02 12:51:28,845 - INFO - API Request Details:
2024-12-02 12:51:28,846 - INFO -   Endpoint: http://localhost:5000/api/products
2024-12-02 12:51:28,846 - INFO -   Method: GET
2024-12-02 12:51:28,847 - INFO -   Parameters: {'page': 1, 'limit': 10}
2024-12-02 12:51:28,873 - INFO - API Response Details:
2024-12-02 12:51:28,873 - INFO -   Status Code: 200
2024-12-02 12:51:28,874 - INFO -   Response Time: 0.025 seconds
2024-12-02 12:51:28,874 - INFO -   Content Type: application/json; charset=utf-8
2024-12-02 12:51:28,875 - INFO - Pagination Details:
2024-12-02 12:51:28,875 - INFO -   Total Products: Not specified
2024-12-02 12:51:28,876 - INFO -   Current Page: 1
2024-12-02 12:51:28,876 - INFO -   Total Pages: 9
2024-12-02 12:51:28,876 - INFO -   Items Per Page: 10
2024-12-02 12:51:28,876 - INFO - Products Summary:
2024-12-02 12:51:28,877 - INFO -   Products Retrieved: 10
2024-12-02 12:51:28,877 - INFO -   Categories Present: 
2024-12-02 12:51:28,877 - INFO -   Price Range: $28.68 - $185.00
2024-12-02 12:51:28,877 - INFO - Successfully fetched and processed product data
2024-12-02 12:51:28,878 - INFO - Updating UI with fetched products
2024-12-02 12:51:28,892 - INFO - UI update completed successfully
2024-12-02 12:51:28,893 - INFO - Product fetch operation completed
2024-12-02 12:51:28,893 - INFO - Application initialized. Log file: logs/product_dashboard_20241202_125128.log
2024-12-02 12:51:28,893 - INFO - Starting main loop
2024-12-02 12:51:33,946 - INFO - Showing add product dialog
