2024-11-29 16:40:20,584 - INFO - Logging initialized
2024-11-29 16:40:20,584 - INFO - Starting Product Dashboard application
2024-11-29 16:40:20,674 - INFO - Initializing ProductDashboard
2024-11-29 16:40:20,701 - INFO - Performing initial data fetch
2024-11-29 16:40:20,702 - INFO - Fetching products from API - Page 1
2024-11-29 16:40:20,702 - INFO - API Request Details:
2024-11-29 16:40:20,703 - INFO -   Endpoint: http://localhost:5000/api/products
2024-11-29 16:40:20,704 - INFO -   Method: GET
2024-11-29 16:40:20,704 - INFO -   Parameters: {'page': 1, 'limit': 10}
2024-11-29 16:40:20,733 - INFO - API Response Details:
2024-11-29 16:40:20,733 - INFO -   Status Code: 200
2024-11-29 16:40:20,733 - INFO -   Response Time: 0.025 seconds
2024-11-29 16:40:20,733 - INFO -   Content Type: application/json; charset=utf-8
2024-11-29 16:40:20,734 - INFO - Pagination Details:
2024-11-29 16:40:20,734 - INFO -   Total Products: Not specified
2024-11-29 16:40:20,734 - INFO -   Current Page: 1
2024-11-29 16:40:20,735 - INFO -   Total Pages: 6
2024-11-29 16:40:20,735 - INFO -   Items Per Page: 10
2024-11-29 16:40:20,735 - INFO - Products Summary:
2024-11-29 16:40:20,735 - INFO -   Products Retrieved: 10
2024-11-29 16:40:20,736 - INFO -   Categories Present: Bundles, Tools, EDC Gear, Pens
2024-11-29 16:40:20,736 - INFO -   Price Range: $53.00 - $3065.00
2024-11-29 16:40:20,736 - INFO - Successfully fetched and processed product data
2024-11-29 16:40:20,736 - INFO - Updating UI with fetched products
2024-11-29 16:40:20,738 - INFO - UI update completed successfully
2024-11-29 16:40:20,738 - INFO - Product fetch operation completed
2024-11-29 16:40:20,739 - INFO - Application initialized. Log file: logs/product_dashboard_20241129_164020.log
2024-11-29 16:40:20,739 - INFO - Starting main loop
2024-11-29 16:40:37,744 - INFO - Fetching products from API - Page 1
2024-11-29 16:40:37,744 - INFO - API Request Details:
2024-11-29 16:40:37,744 - INFO -   Endpoint: http://localhost:5000/api/products
2024-11-29 16:40:37,745 - INFO -   Method: GET
2024-11-29 16:40:37,745 - INFO -   Parameters: {'page': 1, 'limit': 10}
2024-11-29 16:40:37,764 - INFO - API Response Details:
2024-11-29 16:40:37,765 - INFO -   Status Code: 200
2024-11-29 16:40:37,765 - INFO -   Response Time: 0.019 seconds
2024-11-29 16:40:37,765 - INFO -   Content Type: application/json; charset=utf-8
2024-11-29 16:40:37,766 - INFO - Pagination Details:
2024-11-29 16:40:37,767 - INFO -   Total Products: Not specified
2024-11-29 16:40:37,767 - INFO -   Current Page: 1
2024-11-29 16:40:37,767 - INFO -   Total Pages: 6
2024-11-29 16:40:37,767 - INFO -   Items Per Page: 10
2024-11-29 16:40:37,768 - INFO - Products Summary:
2024-11-29 16:40:37,768 - INFO -   Products Retrieved: 10
2024-11-29 16:40:37,768 - INFO -   Categories Present: Bundles, Tools, EDC Gear, Pens
2024-11-29 16:40:37,769 - INFO -   Price Range: $53.00 - $3065.00
2024-11-29 16:40:37,769 - INFO - Successfully fetched and processed product data
2024-11-29 16:40:37,769 - INFO - Updating UI with fetched products
2024-11-29 16:40:37,771 - INFO - UI update completed successfully
2024-11-29 16:40:37,771 - INFO - Product fetch operation completed
2024-11-29 16:41:28,633 - INFO - Fetching products from API - Page 1
2024-11-29 16:41:28,633 - INFO - API Request Details:
2024-11-29 16:41:28,633 - INFO -   Endpoint: http://localhost:5000/api/products
2024-11-29 16:41:28,634 - INFO -   Method: GET
2024-11-29 16:41:28,634 - INFO -   Parameters: {'page': 1, 'limit': 10}
2024-11-29 16:41:28,651 - INFO - API Response Details:
2024-11-29 16:41:28,651 - INFO -   Status Code: 200
2024-11-29 16:41:28,652 - INFO -   Response Time: 0.015 seconds
2024-11-29 16:41:28,652 - INFO -   Content Type: application/json; charset=utf-8
2024-11-29 16:41:28,653 - INFO - Pagination Details:
2024-11-29 16:41:28,653 - INFO -   Total Products: Not specified
2024-11-29 16:41:28,653 - INFO -   Current Page: 1
2024-11-29 16:41:28,653 - INFO -   Total Pages: 6
2024-11-29 16:41:28,653 - INFO -   Items Per Page: 10
2024-11-29 16:41:28,654 - INFO - Products Summary:
2024-11-29 16:41:28,654 - INFO -   Products Retrieved: 10
2024-11-29 16:41:28,654 - INFO -   Categories Present: Bundles, Tools, EDC Gear, Pens
2024-11-29 16:41:28,654 - INFO -   Price Range: $53.00 - $3065.00
2024-11-29 16:41:28,655 - INFO - Successfully fetched and processed product data
2024-11-29 16:41:28,655 - INFO - Updating UI with fetched products
2024-11-29 16:41:28,657 - INFO - UI update completed successfully
2024-11-29 16:41:28,658 - INFO - Product fetch operation completed
2024-11-29 16:41:33,334 - INFO - Fetching products from API - Page 1
2024-11-29 16:41:33,335 - INFO - API Request Details:
2024-11-29 16:41:33,335 - INFO -   Endpoint: http://localhost:5000/api/products
2024-11-29 16:41:33,335 - INFO -   Method: GET
2024-11-29 16:41:33,336 - INFO -   Parameters: {'page': 1, 'limit': 10}
2024-11-29 16:41:33,352 - INFO - API Response Details:
2024-11-29 16:41:33,352 - INFO -   Status Code: 200
2024-11-29 16:41:33,352 - INFO -   Response Time: 0.015 seconds
2024-11-29 16:41:33,353 - INFO -   Content Type: application/json; charset=utf-8
2024-11-29 16:41:33,353 - INFO - Pagination Details:
2024-11-29 16:41:33,354 - INFO -   Total Products: Not specified
2024-11-29 16:41:33,354 - INFO -   Current Page: 1
2024-11-29 16:41:33,354 - INFO -   Total Pages: 6
2024-11-29 16:41:33,354 - INFO -   Items Per Page: 10
2024-11-29 16:41:33,355 - INFO - Products Summary:
2024-11-29 16:41:33,355 - INFO -   Products Retrieved: 10
2024-11-29 16:41:33,355 - INFO -   Categories Present: Bundles, Tools, EDC Gear, Pens
2024-11-29 16:41:33,356 - INFO -   Price Range: $53.00 - $3065.00
2024-11-29 16:41:33,356 - INFO - Successfully fetched and processed product data
2024-11-29 16:41:33,356 - INFO - Updating UI with fetched products
2024-11-29 16:41:33,357 - INFO - UI update completed successfully
2024-11-29 16:41:33,358 - INFO - Product fetch operation completed
2024-11-29 16:41:34,335 - INFO - Fetching products from API - Page 1
2024-11-29 16:41:34,335 - INFO - API Request Details:
2024-11-29 16:41:34,335 - INFO -   Endpoint: http://localhost:5000/api/products
2024-11-29 16:41:34,336 - INFO -   Method: GET
2024-11-29 16:41:34,336 - INFO -   Parameters: {'page': 1, 'limit': 10}
2024-11-29 16:41:34,351 - INFO - API Response Details:
2024-11-29 16:41:34,351 - INFO -   Status Code: 200
2024-11-29 16:41:34,351 - INFO -   Response Time: 0.014 seconds
2024-11-29 16:41:34,352 - INFO -   Content Type: application/json; charset=utf-8
2024-11-29 16:41:34,352 - INFO - Pagination Details:
2024-11-29 16:41:34,353 - INFO -   Total Products: Not specified
2024-11-29 16:41:34,353 - INFO -   Current Page: 1
2024-11-29 16:41:34,353 - INFO -   Total Pages: 6
2024-11-29 16:41:34,354 - INFO -   Items Per Page: 10
2024-11-29 16:41:34,354 - INFO - Products Summary:
2024-11-29 16:41:34,354 - INFO -   Products Retrieved: 10
2024-11-29 16:41:34,354 - INFO -   Categories Present: Bundles, Tools, EDC Gear, Pens
2024-11-29 16:41:34,355 - INFO -   Price Range: $53.00 - $3065.00
2024-11-29 16:41:34,355 - INFO - Successfully fetched and processed product data
2024-11-29 16:41:34,355 - INFO - Updating UI with fetched products
2024-11-29 16:41:34,357 - INFO - UI update completed successfully
2024-11-29 16:41:34,358 - INFO - Product fetch operation completed
2024-11-29 16:41:34,600 - INFO - Fetching products from API - Page 1
2024-11-29 16:41:34,600 - INFO - API Request Details:
2024-11-29 16:41:34,600 - INFO -   Endpoint: http://localhost:5000/api/products
2024-11-29 16:41:34,601 - INFO -   Method: GET
2024-11-29 16:41:34,601 - INFO -   Parameters: {'page': 1, 'limit': 10}
2024-11-29 16:41:34,618 - INFO - API Response Details:
2024-11-29 16:41:34,619 - INFO -   Status Code: 200
2024-11-29 16:41:34,619 - INFO -   Response Time: 0.017 seconds
2024-11-29 16:41:34,619 - INFO -   Content Type: application/json; charset=utf-8
2024-11-29 16:41:34,620 - INFO - Pagination Details:
2024-11-29 16:41:34,620 - INFO -   Total Products: Not specified
2024-11-29 16:41:34,621 - INFO -   Current Page: 1
2024-11-29 16:41:34,621 - INFO -   Total Pages: 6
2024-11-29 16:41:34,621 - INFO -   Items Per Page: 10
2024-11-29 16:41:34,622 - INFO - Products Summary:
2024-11-29 16:41:34,622 - INFO -   Products Retrieved: 10
2024-11-29 16:41:34,622 - INFO -   Categories Present: Bundles, Tools, EDC Gear, Pens
2024-11-29 16:41:34,622 - INFO -   Price Range: $53.00 - $3065.00
2024-11-29 16:41:34,623 - INFO - Successfully fetched and processed product data
2024-11-29 16:41:34,623 - INFO - Updating UI with fetched products
2024-11-29 16:41:34,624 - INFO - UI update completed successfully
2024-11-29 16:41:34,624 - INFO - Product fetch operation completed
2024-11-29 16:42:08,111 - INFO - Showing add product dialog
2024-11-29 16:42:37,032 - INFO - Fetching products from API - Page 1
2024-11-29 16:42:37,032 - INFO - API Request Details:
2024-11-29 16:42:37,032 - INFO -   Endpoint: http://localhost:5000/api/products
2024-11-29 16:42:37,032 - INFO -   Method: GET
2024-11-29 16:42:37,032 - INFO -   Parameters: {'page': 1, 'limit': 10}
2024-11-29 16:42:37,055 - INFO - API Response Details:
2024-11-29 16:42:37,056 - INFO -   Status Code: 200
2024-11-29 16:42:37,056 - INFO -   Response Time: 0.021 seconds
2024-11-29 16:42:37,056 - INFO -   Content Type: application/json; charset=utf-8
2024-11-29 16:42:37,057 - INFO - Pagination Details:
2024-11-29 16:42:37,057 - INFO -   Total Products: Not specified
2024-11-29 16:42:37,057 - INFO -   Current Page: 1
2024-11-29 16:42:37,057 - INFO -   Total Pages: 6
2024-11-29 16:42:37,058 - INFO -   Items Per Page: 10
2024-11-29 16:42:37,058 - INFO - Products Summary:
2024-11-29 16:42:37,058 - INFO -   Products Retrieved: 10
2024-11-29 16:42:37,058 - INFO -   Categories Present: Bundles, Tools, EDC Gear, Pens
2024-11-29 16:42:37,058 - INFO -   Price Range: $60.00 - $3065.00
2024-11-29 16:42:37,059 - INFO - Successfully fetched and processed product data
2024-11-29 16:42:37,059 - INFO - Updating UI with fetched products
2024-11-29 16:42:37,060 - INFO - UI update completed successfully
2024-11-29 16:42:37,060 - INFO - Product fetch operation completed
2024-11-29 16:43:10,683 - INFO - Fetching products from API - Page 1
2024-11-29 16:43:10,684 - INFO - API Request Details:
2024-11-29 16:43:10,684 - INFO -   Endpoint: http://localhost:5000/api/products
2024-11-29 16:43:10,684 - INFO -   Method: GET
2024-11-29 16:43:10,684 - INFO -   Parameters: {'page': 1, 'limit': 10}
2024-11-29 16:43:10,699 - INFO - API Response Details:
2024-11-29 16:43:10,699 - INFO -   Status Code: 200
2024-11-29 16:43:10,700 - INFO -   Response Time: 0.014 seconds
2024-11-29 16:43:10,700 - INFO -   Content Type: application/json; charset=utf-8
2024-11-29 16:43:10,700 - INFO - Pagination Details:
2024-11-29 16:43:10,701 - INFO -   Total Products: Not specified
2024-11-29 16:43:10,701 - INFO -   Current Page: 1
2024-11-29 16:43:10,701 - INFO -   Total Pages: 6
2024-11-29 16:43:10,701 - INFO -   Items Per Page: 10
2024-11-29 16:43:10,702 - INFO - Products Summary:
2024-11-29 16:43:10,702 - INFO -   Products Retrieved: 10
2024-11-29 16:43:10,702 - INFO -   Categories Present: Bundles, Tools, EDC Gear, Pens
2024-11-29 16:43:10,703 - INFO -   Price Range: $60.00 - $3065.00
2024-11-29 16:43:10,703 - INFO - Successfully fetched and processed product data
2024-11-29 16:43:10,703 - INFO - Updating UI with fetched products
2024-11-29 16:43:10,704 - INFO - UI update completed successfully
2024-11-29 16:43:10,705 - INFO - Product fetch operation completed
2024-11-29 16:43:59,983 - INFO - Fetching products from API - Page 1
2024-11-29 16:43:59,984 - INFO - API Request Details:
2024-11-29 16:43:59,984 - INFO -   Endpoint: http://localhost:5000/api/products
2024-11-29 16:43:59,984 - INFO -   Method: GET
2024-11-29 16:43:59,984 - INFO -   Parameters: {'page': 1, 'limit': 10}
2024-11-29 16:44:00,000 - INFO - API Response Details:
2024-11-29 16:44:00,000 - INFO -   Status Code: 200
2024-11-29 16:44:00,000 - INFO -   Response Time: 0.014 seconds
2024-11-29 16:44:00,000 - INFO -   Content Type: application/json; charset=utf-8
2024-11-29 16:44:00,001 - INFO - Pagination Details:
2024-11-29 16:44:00,003 - INFO -   Total Products: Not specified
2024-11-29 16:44:00,003 - INFO -   Current Page: 1
2024-11-29 16:44:00,003 - INFO -   Total Pages: 6
2024-11-29 16:44:00,003 - INFO -   Items Per Page: 10
2024-11-29 16:44:00,003 - INFO - Products Summary:
2024-11-29 16:44:00,004 - INFO -   Products Retrieved: 10
2024-11-29 16:44:00,004 - INFO -   Categories Present: Bundles, Tools, EDC Gear, Pens
2024-11-29 16:44:00,004 - INFO -   Price Range: $60.00 - $3065.00
2024-11-29 16:44:00,005 - INFO - Successfully fetched and processed product data
2024-11-29 16:44:00,005 - INFO - Updating UI with fetched products
2024-11-29 16:44:00,008 - INFO - UI update completed successfully
2024-11-29 16:44:00,009 - INFO - Product fetch operation completed
