2024-11-30 17:58:37,474 - INFO - Logging initialized
2024-11-30 17:58:37,474 - INFO - Starting Product Dashboard application
2024-11-30 17:58:37,566 - INFO - Initializing ProductDashboard
2024-11-30 17:58:37,595 - INFO - Fetching products from API - Page 1
2024-11-30 17:58:37,595 - INFO - API Request Details:
2024-11-30 17:58:37,595 - INFO -   Endpoint: http://localhost:5000/api/products
2024-11-30 17:58:37,595 - INFO -   Method: GET
2024-11-30 17:58:37,596 - INFO -   Parameters: {'page': 1, 'limit': 10}
2024-11-30 17:58:37,627 - INFO - API Response Details:
2024-11-30 17:58:37,628 - INFO -   Status Code: 200
2024-11-30 17:58:37,628 - INFO -   Response Time: 0.029 seconds
2024-11-30 17:58:37,628 - INFO -   Content Type: application/json; charset=utf-8
2024-11-30 17:58:37,629 - INFO - Pagination Details:
2024-11-30 17:58:37,629 - INFO -   Total Products: Not specified
2024-11-30 17:58:37,630 - INFO -   Current Page: 1
2024-11-30 17:58:37,630 - INFO -   Total Pages: 5
2024-11-30 17:58:37,630 - INFO -   Items Per Page: 10
2024-11-30 17:58:37,630 - INFO - Products Summary:
2024-11-30 17:58:37,630 - INFO -   Products Retrieved: 10
2024-11-30 17:58:37,631 - INFO -   Categories Present: Pens, Accessories, EDC Gear, Tools, Bundles
2024-11-30 17:58:37,631 - INFO -   Price Range: $23.00 - $202.00
2024-11-30 17:58:37,631 - INFO - Successfully fetched and processed product data
2024-11-30 17:58:37,631 - INFO - Updating UI with fetched products
2024-11-30 17:58:37,632 - INFO - UI update completed successfully
2024-11-30 17:58:37,632 - INFO - Product fetch operation completed
2024-11-30 17:58:37,633 - INFO - Performing initial data fetch
2024-11-30 17:58:37,633 - INFO - Fetching products from API - Page 1
2024-11-30 17:58:37,633 - INFO - API Request Details:
2024-11-30 17:58:37,633 - INFO -   Endpoint: http://localhost:5000/api/products
2024-11-30 17:58:37,634 - INFO -   Method: GET
2024-11-30 17:58:37,634 - INFO -   Parameters: {'page': 1, 'limit': 10}
2024-11-30 17:58:37,658 - INFO - API Response Details:
2024-11-30 17:58:37,658 - INFO -   Status Code: 200
2024-11-30 17:58:37,658 - INFO -   Response Time: 0.023 seconds
2024-11-30 17:58:37,658 - INFO -   Content Type: application/json; charset=utf-8
2024-11-30 17:58:37,659 - INFO - Pagination Details:
2024-11-30 17:58:37,659 - INFO -   Total Products: Not specified
2024-11-30 17:58:37,659 - INFO -   Current Page: 1
2024-11-30 17:58:37,660 - INFO -   Total Pages: 5
2024-11-30 17:58:37,660 - INFO -   Items Per Page: 10
2024-11-30 17:58:37,660 - INFO - Products Summary:
2024-11-30 17:58:37,660 - INFO -   Products Retrieved: 10
2024-11-30 17:58:37,660 - INFO -   Categories Present: Pens, Accessories, EDC Gear, Tools, Bundles
2024-11-30 17:58:37,661 - INFO -   Price Range: $23.00 - $202.00
2024-11-30 17:58:37,661 - INFO - Successfully fetched and processed product data
2024-11-30 17:58:37,661 - INFO - Updating UI with fetched products
2024-11-30 17:58:37,662 - INFO - UI update completed successfully
2024-11-30 17:58:37,662 - INFO - Product fetch operation completed
2024-11-30 17:58:37,662 - INFO - Application initialized. Log file: logs/product_dashboard_20241130_175837.log
2024-11-30 17:58:37,662 - INFO - Starting main loop
2024-11-30 17:58:39,791 - INFO - Fetching users from API
2024-11-30 17:58:39,875 - ERROR - Failed to fetch users: 404
2024-11-30 17:58:39,875 - ERROR - Response content: <!DOCTYPE html>
<html lang="en">
<head>
<meta charset="utf-8">
<title>Error</title>
</head>
<body>
<pre>Cannot GET /api/users/list</pre>
</body>
</html>

2024-11-30 17:58:41,193 - INFO - Fetching products from API - Page 1
2024-11-30 17:58:41,194 - INFO - API Request Details:
2024-11-30 17:58:41,194 - INFO -   Endpoint: http://localhost:5000/api/products
2024-11-30 17:58:41,194 - INFO -   Method: GET
2024-11-30 17:58:41,194 - INFO -   Parameters: {'page': 1, 'limit': 10}
2024-11-30 17:58:41,215 - INFO - API Response Details:
2024-11-30 17:58:41,216 - INFO -   Status Code: 200
2024-11-30 17:58:41,216 - INFO -   Response Time: 0.020 seconds
2024-11-30 17:58:41,216 - INFO -   Content Type: application/json; charset=utf-8
2024-11-30 17:58:41,217 - INFO - Pagination Details:
2024-11-30 17:58:41,217 - INFO -   Total Products: Not specified
2024-11-30 17:58:41,217 - INFO -   Current Page: 1
2024-11-30 17:58:41,217 - INFO -   Total Pages: 5
2024-11-30 17:58:41,218 - INFO -   Items Per Page: 10
2024-11-30 17:58:41,218 - INFO - Products Summary:
2024-11-30 17:58:41,218 - INFO -   Products Retrieved: 10
2024-11-30 17:58:41,218 - INFO -   Categories Present: Pens, Accessories, EDC Gear, Tools, Bundles
2024-11-30 17:58:41,218 - INFO -   Price Range: $23.00 - $202.00
2024-11-30 17:58:41,219 - INFO - Successfully fetched and processed product data
2024-11-30 17:58:41,219 - INFO - Updating UI with fetched products
2024-11-30 17:58:41,220 - INFO - UI update completed successfully
2024-11-30 17:58:41,220 - INFO - Product fetch operation completed
2024-11-30 17:58:42,164 - INFO - Fetching users from API
2024-11-30 17:58:42,244 - ERROR - Failed to fetch users: 404
2024-11-30 17:58:42,245 - ERROR - Response content: <!DOCTYPE html>
<html lang="en">
<head>
<meta charset="utf-8">
<title>Error</title>
</head>
<body>
<pre>Cannot GET /api/users/list</pre>
</body>
</html>

