2024-11-29 16:56:34,187 - INFO - Logging initialized
2024-11-29 16:56:34,188 - INFO - Starting Product Dashboard application
2024-11-29 16:56:34,284 - INFO - Initializing ProductDashboard
2024-11-29 16:56:34,315 - INFO - Performing initial data fetch
2024-11-29 16:56:34,315 - INFO - Fetching products from API - Page 1
2024-11-29 16:56:34,316 - INFO - API Request Details:
2024-11-29 16:56:34,316 - INFO -   Endpoint: http://localhost:5000/api/products
2024-11-29 16:56:34,316 - INFO -   Method: GET
2024-11-29 16:56:34,316 - INFO -   Parameters: {'page': 1, 'limit': 10}
2024-11-29 16:56:34,336 - INFO - API Response Details:
2024-11-29 16:56:34,337 - INFO -   Status Code: 200
2024-11-29 16:56:34,337 - INFO -   Response Time: 0.017 seconds
2024-11-29 16:56:34,337 - INFO -   Content Type: application/json; charset=utf-8
2024-11-29 16:56:34,338 - INFO - Pagination Details:
2024-11-29 16:56:34,339 - INFO -   Total Products: Not specified
2024-11-29 16:56:34,340 - INFO -   Current Page: 1
2024-11-29 16:56:34,341 - INFO -   Total Pages: 6
2024-11-29 16:56:34,341 - INFO -   Items Per Page: 10
2024-11-29 16:56:34,342 - INFO - Products Summary:
2024-11-29 16:56:34,342 - INFO -   Products Retrieved: 10
2024-11-29 16:56:34,342 - INFO -   Categories Present: Tools, Bundles, Accessories, EDC Gear, Pens
2024-11-29 16:56:34,342 - INFO -   Price Range: $3.00 - $3065.00
2024-11-29 16:56:34,343 - INFO - Successfully fetched and processed product data
2024-11-29 16:56:34,343 - INFO - Updating UI with fetched products
2024-11-29 16:56:34,343 - INFO - UI update completed successfully
2024-11-29 16:56:34,345 - INFO - Product fetch operation completed
2024-11-29 16:56:34,345 - INFO - Application initialized. Log file: logs/product_dashboard_20241129_165634.log
2024-11-29 16:56:34,346 - INFO - Starting main loop
2024-11-29 16:56:39,981 - INFO - Showing add product dialog
2024-11-29 16:57:09,209 - INFO - Fetching products from API - Page 1
2024-11-29 16:57:09,210 - INFO - API Request Details:
2024-11-29 16:57:09,210 - INFO -   Endpoint: http://localhost:5000/api/products
2024-11-29 16:57:09,210 - INFO -   Method: GET
2024-11-29 16:57:09,211 - INFO -   Parameters: {'page': 1, 'limit': 10}
2024-11-29 16:57:09,223 - INFO - API Response Details:
2024-11-29 16:57:09,223 - INFO -   Status Code: 200
2024-11-29 16:57:09,223 - INFO -   Response Time: 0.011 seconds
2024-11-29 16:57:09,224 - INFO -   Content Type: application/json; charset=utf-8
2024-11-29 16:57:09,224 - INFO - Pagination Details:
2024-11-29 16:57:09,224 - INFO -   Total Products: Not specified
2024-11-29 16:57:09,225 - INFO -   Current Page: 1
2024-11-29 16:57:09,225 - INFO -   Total Pages: 6
2024-11-29 16:57:09,225 - INFO -   Items Per Page: 10
2024-11-29 16:57:09,225 - INFO - Products Summary:
2024-11-29 16:57:09,226 - INFO -   Products Retrieved: 10
2024-11-29 16:57:09,226 - INFO -   Categories Present: Tools, Bundles, Accessories, EDC Gear, Pens
2024-11-29 16:57:09,226 - INFO -   Price Range: $3.00 - $3065.00
2024-11-29 16:57:09,227 - INFO - Successfully fetched and processed product data
2024-11-29 16:57:09,227 - INFO - Updating UI with fetched products
2024-11-29 16:57:09,229 - INFO - UI update completed successfully
2024-11-29 16:57:09,229 - INFO - Product fetch operation completed
2024-11-29 16:57:24,788 - INFO - Fetching products from API - Page 1
2024-11-29 16:57:24,788 - INFO - API Request Details:
2024-11-29 16:57:24,788 - INFO -   Endpoint: http://localhost:5000/api/products
2024-11-29 16:57:24,789 - INFO -   Method: GET
2024-11-29 16:57:24,789 - INFO -   Parameters: {'page': 1, 'limit': 10}
2024-11-29 16:57:24,808 - INFO - API Response Details:
2024-11-29 16:57:24,808 - INFO -   Status Code: 200
2024-11-29 16:57:24,809 - INFO -   Response Time: 0.018 seconds
2024-11-29 16:57:24,809 - INFO -   Content Type: application/json; charset=utf-8
2024-11-29 16:57:24,809 - INFO - Pagination Details:
2024-11-29 16:57:24,810 - INFO -   Total Products: Not specified
2024-11-29 16:57:24,810 - INFO -   Current Page: 1
2024-11-29 16:57:24,810 - INFO -   Total Pages: 6
2024-11-29 16:57:24,810 - INFO -   Items Per Page: 10
2024-11-29 16:57:24,810 - INFO - Products Summary:
2024-11-29 16:57:24,811 - INFO -   Products Retrieved: 10
2024-11-29 16:57:24,811 - INFO -   Categories Present: Tools, Bundles, Accessories, EDC Gear, Pens
2024-11-29 16:57:24,811 - INFO -   Price Range: $3.00 - $3065.00
2024-11-29 16:57:24,811 - INFO - Successfully fetched and processed product data
2024-11-29 16:57:24,812 - INFO - Updating UI with fetched products
2024-11-29 16:57:24,813 - INFO - UI update completed successfully
2024-11-29 16:57:24,814 - INFO - Product fetch operation completed
2024-11-29 16:58:46,134 - INFO - Showing add product dialog
2024-11-29 16:58:50,131 - INFO - Application shutting down
