2024-11-28 10:16:11,022 - INFO - Logging initialized
2024-11-28 10:16:11,022 - INFO - Starting Product Dashboard application
2024-11-28 10:16:11,711 - INFO - Initializing ProductDashboard
2024-11-28 10:16:11,747 - INFO - Performing initial data fetch
2024-11-28 10:16:11,748 - INFO - Fetching products from API - Page 1
2024-11-28 10:16:11,748 - INFO - API Request Details:
2024-11-28 10:16:11,748 - INFO -   Endpoint: http://localhost:5000/api/products
2024-11-28 10:16:11,748 - INFO -   Method: GET
2024-11-28 10:16:11,748 - INFO -   Parameters: {'page': 1, 'limit': 10}
2024-11-28 10:16:11,774 - INFO - API Response Details:
2024-11-28 10:16:11,774 - INFO -   Status Code: 200
2024-11-28 10:16:11,775 - INFO -   Response Time: 0.022 seconds
2024-11-28 10:16:11,775 - INFO -   Content Type: application/json; charset=utf-8
2024-11-28 10:16:11,776 - INFO - Pagination Details:
2024-11-28 10:16:11,776 - INFO -   Total Products: Not specified
2024-11-28 10:16:11,776 - INFO -   Current Page: 1
2024-11-28 10:16:11,776 - INFO -   Total Pages: 5
2024-11-28 10:16:11,777 - INFO -   Items Per Page: 10
2024-11-28 10:16:11,777 - INFO - Products Summary:
2024-11-28 10:16:11,778 - INFO -   Products Retrieved: 10
2024-11-28 10:16:11,778 - INFO -   Categories Present: Pens, Tools, EDC Gear, Accessories, Bundles
2024-11-28 10:16:11,778 - INFO -   Price Range: $28.42 - $206.00
2024-11-28 10:16:11,779 - INFO - Successfully fetched and processed product data
2024-11-28 10:16:11,779 - INFO - Updating UI with fetched products
2024-11-28 10:16:11,779 - INFO - UI update completed successfully
2024-11-28 10:16:11,779 - INFO - Product fetch operation completed
2024-11-28 10:16:11,781 - INFO - Application initialized. Log file: logs/product_dashboard_20241128_101611.log
2024-11-28 10:16:11,781 - INFO - Starting main loop
2024-11-28 10:18:07,810 - INFO - Showing add product dialog
2024-11-28 10:18:29,647 - INFO - Showing add product dialog
2024-11-28 10:18:53,813 - INFO - Fetching products from API - Page 1
2024-11-28 10:18:53,814 - INFO - API Request Details:
2024-11-28 10:18:53,814 - INFO -   Endpoint: http://localhost:5000/api/products
2024-11-28 10:18:53,814 - INFO -   Method: GET
2024-11-28 10:18:53,814 - INFO -   Parameters: {'page': 1, 'limit': 10}
2024-11-28 10:18:53,833 - INFO - API Response Details:
2024-11-28 10:18:53,833 - INFO -   Status Code: 200
2024-11-28 10:18:53,833 - INFO -   Response Time: 0.017 seconds
2024-11-28 10:18:53,834 - INFO -   Content Type: application/json; charset=utf-8
2024-11-28 10:18:53,834 - INFO - Pagination Details:
2024-11-28 10:18:53,834 - INFO -   Total Products: Not specified
2024-11-28 10:18:53,835 - INFO -   Current Page: 1
2024-11-28 10:18:53,835 - INFO -   Total Pages: 6
2024-11-28 10:18:53,835 - INFO -   Items Per Page: 10
2024-11-28 10:18:53,835 - INFO - Products Summary:
2024-11-28 10:18:53,835 - INFO -   Products Retrieved: 10
2024-11-28 10:18:53,836 - INFO -   Categories Present: Pens, Tools, EDC Gear, Accessories, Bundles
2024-11-28 10:18:53,836 - INFO -   Price Range: $28.42 - $179.00
2024-11-28 10:18:53,836 - INFO - Successfully fetched and processed product data
2024-11-28 10:18:53,836 - INFO - Updating UI with fetched products
2024-11-28 10:18:53,839 - INFO - UI update completed successfully
2024-11-28 10:18:53,840 - INFO - Product fetch operation completed
