2024-11-29 15:51:02,043 - INFO - Logging initialized
2024-11-29 15:51:02,044 - INFO - Starting Product Dashboard application
2024-11-29 15:51:02,133 - INFO - Initializing ProductDashboard
2024-11-29 15:51:02,171 - INFO - Performing initial data fetch
2024-11-29 15:51:02,171 - INFO - Fetching products from API - Page 1
2024-11-29 15:51:02,172 - INFO - API Request Details:
2024-11-29 15:51:02,172 - INFO -   Endpoint: http://localhost:5000/api/products
2024-11-29 15:51:02,172 - INFO -   Method: GET
2024-11-29 15:51:02,173 - INFO -   Parameters: {'page': 1, 'limit': 10}
2024-11-29 15:51:02,208 - INFO - API Response Details:
2024-11-29 15:51:02,208 - INFO -   Status Code: 200
2024-11-29 15:51:02,209 - INFO -   Response Time: 0.032 seconds
2024-11-29 15:51:02,209 - INFO -   Content Type: application/json; charset=utf-8
2024-11-29 15:51:02,210 - INFO - Pagination Details:
2024-11-29 15:51:02,210 - INFO -   Total Products: Not specified
2024-11-29 15:51:02,210 - INFO -   Current Page: 1
2024-11-29 15:51:02,210 - INFO -   Total Pages: 5
2024-11-29 15:51:02,210 - INFO -   Items Per Page: 10
2024-11-29 15:51:02,210 - INFO - Products Summary:
2024-11-29 15:51:02,211 - INFO -   Products Retrieved: 10
2024-11-29 15:51:02,211 - INFO -   Categories Present: EDC Gear, Tools, Pens, Bundles
2024-11-29 15:51:02,211 - INFO -   Price Range: $37.00 - $192.00
2024-11-29 15:51:02,211 - INFO - Successfully fetched and processed product data
2024-11-29 15:51:02,212 - INFO - Updating UI with fetched products
2024-11-29 15:51:02,213 - INFO - UI update completed successfully
2024-11-29 15:51:02,213 - INFO - Product fetch operation completed
2024-11-29 15:51:02,215 - INFO - Application initialized. Log file: logs/product_dashboard_20241129_155102.log
2024-11-29 15:51:02,215 - INFO - Starting main loop
2024-11-29 15:51:04,193 - INFO - Showing add product dialog
2024-11-29 15:52:21,769 - ERROR - Error submitting product: get expected at least 1 argument, got 0
Traceback (most recent call last):
  File "c:\Users\nickv\Downloads\tester\ecommerce-store-ecom\backend\scripts\product_dashboard.py", line 646, in submit
    'sizes': [size.strip() for size in fields['sizes'].get().split(',') if size.strip()],
                                       ^^^^^^^^^^^^^^^^^^^^^
TypeError: get expected at least 1 argument, got 0
