2024-11-30 20:17:12,588 - INFO - Logging initialized
2024-11-30 20:17:12,588 - INFO - Starting Product Dashboard application
2024-11-30 20:17:12,680 - INFO - Initializing ProductDashboard
2024-11-30 20:17:12,718 - INFO - Fetching products from API - Page 1
2024-11-30 20:17:12,718 - INFO - API Request Details:
2024-11-30 20:17:12,718 - INFO -   Endpoint: http://localhost:5000/api/products
2024-11-30 20:17:12,719 - INFO -   Method: GET
2024-11-30 20:17:12,719 - INFO -   Parameters: {'page': 1, 'limit': 10}
2024-11-30 20:17:12,745 - INFO - API Response Details:
2024-11-30 20:17:12,746 - INFO -   Status Code: 200
2024-11-30 20:17:12,746 - INFO -   Response Time: 0.023 seconds
2024-11-30 20:17:12,747 - INFO -   Content Type: application/json; charset=utf-8
2024-11-30 20:17:12,747 - INFO - Pagination Details:
2024-11-30 20:17:12,747 - INFO -   Total Products: Not specified
2024-11-30 20:17:12,748 - INFO -   Current Page: 1
2024-11-30 20:17:12,748 - INFO -   Total Pages: 6
2024-11-30 20:17:12,748 - INFO -   Items Per Page: 10
2024-11-30 20:17:12,748 - INFO - Products Summary:
2024-11-30 20:17:12,748 - INFO -   Products Retrieved: 10
2024-11-30 20:17:12,748 - INFO -   Categories Present: Accessories, Tools, Bundles, Pens
2024-11-30 20:17:12,748 - INFO -   Price Range: $27.00 - $208.00
2024-11-30 20:17:12,748 - INFO - Successfully fetched and processed product data
2024-11-30 20:17:12,748 - INFO - Updating UI with fetched products
2024-11-30 20:17:12,750 - INFO - UI update completed successfully
2024-11-30 20:17:12,750 - INFO - Product fetch operation completed
2024-11-30 20:17:12,750 - INFO - Performing initial data fetch
2024-11-30 20:17:12,750 - INFO - Fetching products from API - Page 1
2024-11-30 20:17:12,752 - INFO - API Request Details:
2024-11-30 20:17:12,752 - INFO -   Endpoint: http://localhost:5000/api/products
2024-11-30 20:17:12,752 - INFO -   Method: GET
2024-11-30 20:17:12,753 - INFO -   Parameters: {'page': 1, 'limit': 10}
2024-11-30 20:17:12,773 - INFO - API Response Details:
2024-11-30 20:17:12,773 - INFO -   Status Code: 200
2024-11-30 20:17:12,773 - INFO -   Response Time: 0.020 seconds
2024-11-30 20:17:12,774 - INFO -   Content Type: application/json; charset=utf-8
2024-11-30 20:17:12,774 - INFO - Pagination Details:
2024-11-30 20:17:12,775 - INFO -   Total Products: Not specified
2024-11-30 20:17:12,775 - INFO -   Current Page: 1
2024-11-30 20:17:12,775 - INFO -   Total Pages: 6
2024-11-30 20:17:12,775 - INFO -   Items Per Page: 10
2024-11-30 20:17:12,775 - INFO - Products Summary:
2024-11-30 20:17:12,776 - INFO -   Products Retrieved: 10
2024-11-30 20:17:12,776 - INFO -   Categories Present: Accessories, Tools, Bundles, Pens
2024-11-30 20:17:12,776 - INFO -   Price Range: $27.00 - $208.00
2024-11-30 20:17:12,776 - INFO - Successfully fetched and processed product data
2024-11-30 20:17:12,777 - INFO - Updating UI with fetched products
2024-11-30 20:17:12,778 - INFO - UI update completed successfully
2024-11-30 20:17:12,778 - INFO - Product fetch operation completed
2024-11-30 20:17:12,778 - INFO - Application initialized. Log file: logs/product_dashboard_20241130_201712.log
2024-11-30 20:17:12,779 - INFO - Starting main loop
2024-11-30 20:17:15,833 - INFO - Showing add product dialog
2024-11-30 20:18:19,751 - INFO - Fetching products from API - Page 1
2024-11-30 20:18:19,752 - INFO - API Request Details:
2024-11-30 20:18:19,752 - INFO -   Endpoint: http://localhost:5000/api/products
2024-11-30 20:18:19,752 - INFO -   Method: GET
2024-11-30 20:18:19,752 - INFO -   Parameters: {'page': 1, 'limit': 10}
2024-11-30 20:18:19,769 - INFO - API Response Details:
2024-11-30 20:18:19,769 - INFO -   Status Code: 200
2024-11-30 20:18:19,769 - INFO -   Response Time: 0.015 seconds
2024-11-30 20:18:19,769 - INFO -   Content Type: application/json; charset=utf-8
2024-11-30 20:18:19,770 - INFO - Pagination Details:
2024-11-30 20:18:19,770 - INFO -   Total Products: Not specified
2024-11-30 20:18:19,770 - INFO -   Current Page: 1
2024-11-30 20:18:19,771 - INFO -   Total Pages: 6
2024-11-30 20:18:19,771 - INFO -   Items Per Page: 10
2024-11-30 20:18:19,771 - INFO - Products Summary:
2024-11-30 20:18:19,771 - INFO -   Products Retrieved: 10
2024-11-30 20:18:19,771 - INFO -   Categories Present: Bundles, Tools, Accessories, Pens
2024-11-30 20:18:19,772 - INFO -   Price Range: $27.00 - $207.00
2024-11-30 20:18:19,772 - INFO - Successfully fetched and processed product data
2024-11-30 20:18:19,772 - INFO - Updating UI with fetched products
2024-11-30 20:18:19,774 - INFO - UI update completed successfully
2024-11-30 20:18:19,775 - INFO - Product fetch operation completed
2024-11-30 20:18:19,776 - INFO - Fetching products from API - Page 1
2024-11-30 20:18:19,776 - INFO - API Request Details:
2024-11-30 20:18:19,776 - INFO -   Endpoint: http://localhost:5000/api/products
2024-11-30 20:18:19,776 - INFO -   Method: GET
2024-11-30 20:18:19,777 - INFO -   Parameters: {'page': 1, 'limit': 10}
2024-11-30 20:18:19,794 - INFO - API Response Details:
2024-11-30 20:18:19,794 - INFO -   Status Code: 200
2024-11-30 20:18:19,794 - INFO -   Response Time: 0.016 seconds
2024-11-30 20:18:19,794 - INFO -   Content Type: application/json; charset=utf-8
2024-11-30 20:18:19,795 - INFO - Pagination Details:
2024-11-30 20:18:19,795 - INFO -   Total Products: Not specified
2024-11-30 20:18:19,795 - INFO -   Current Page: 1
2024-11-30 20:18:19,796 - INFO -   Total Pages: 6
2024-11-30 20:18:19,796 - INFO -   Items Per Page: 10
2024-11-30 20:18:19,796 - INFO - Products Summary:
2024-11-30 20:18:19,796 - INFO -   Products Retrieved: 10
2024-11-30 20:18:19,797 - INFO -   Categories Present: Bundles, Tools, Accessories, Pens
2024-11-30 20:18:19,797 - INFO -   Price Range: $27.00 - $207.00
2024-11-30 20:18:19,797 - INFO - Successfully fetched and processed product data
2024-11-30 20:18:19,798 - INFO - Updating UI with fetched products
2024-11-30 20:18:19,798 - INFO - UI update completed successfully
2024-11-30 20:18:19,800 - INFO - Product fetch operation completed
