2024-11-30 17:35:14,527 - INFO - Logging initialized
2024-11-30 17:35:14,528 - INFO - Starting Product Dashboard application
2024-11-30 17:35:14,604 - INFO - Initializing ProductDashboard
2024-11-30 17:35:14,629 - INFO - Fetching products from API - Page 1
2024-11-30 17:35:14,629 - INFO - API Request Details:
2024-11-30 17:35:14,629 - INFO -   Endpoint: http://localhost:5000/api/products
2024-11-30 17:35:14,630 - INFO -   Method: GET
2024-11-30 17:35:14,630 - INFO -   Parameters: {'page': 1, 'limit': 10}
2024-11-30 17:35:14,664 - INFO - API Response Details:
2024-11-30 17:35:14,665 - INFO -   Status Code: 200
2024-11-30 17:35:14,666 - INFO -   Response Time: 0.031 seconds
2024-11-30 17:35:14,666 - INFO -   Content Type: application/json; charset=utf-8
2024-11-30 17:35:14,667 - INFO - Pagination Details:
2024-11-30 17:35:14,667 - INFO -   Total Products: Not specified
2024-11-30 17:35:14,667 - INFO -   Current Page: 1
2024-11-30 17:35:14,668 - INFO -   Total Pages: 6
2024-11-30 17:35:14,668 - INFO -   Items Per Page: 10
2024-11-30 17:35:14,668 - INFO - Products Summary:
2024-11-30 17:35:14,668 - INFO -   Products Retrieved: 10
2024-11-30 17:35:14,668 - INFO -   Categories Present: EDC Gear, Accessories, Tools, Bundles, Pens
2024-11-30 17:35:14,669 - INFO -   Price Range: $2.00 - $148.00
2024-11-30 17:35:14,669 - INFO - Successfully fetched and processed product data
2024-11-30 17:35:14,669 - INFO - Updating UI with fetched products
2024-11-30 17:35:14,670 - INFO - UI update completed successfully
2024-11-30 17:35:14,671 - INFO - Product fetch operation completed
2024-11-30 17:35:14,671 - INFO - Performing initial data fetch
2024-11-30 17:35:14,672 - INFO - Fetching products from API - Page 1
2024-11-30 17:35:14,672 - INFO - API Request Details:
2024-11-30 17:35:14,672 - INFO -   Endpoint: http://localhost:5000/api/products
2024-11-30 17:35:14,672 - INFO -   Method: GET
2024-11-30 17:35:14,673 - INFO -   Parameters: {'page': 1, 'limit': 10}
2024-11-30 17:35:14,697 - INFO - API Response Details:
2024-11-30 17:35:14,698 - INFO -   Status Code: 200
2024-11-30 17:35:14,698 - INFO -   Response Time: 0.024 seconds
2024-11-30 17:35:14,698 - INFO -   Content Type: application/json; charset=utf-8
2024-11-30 17:35:14,699 - INFO - Pagination Details:
2024-11-30 17:35:14,699 - INFO -   Total Products: Not specified
2024-11-30 17:35:14,700 - INFO -   Current Page: 1
2024-11-30 17:35:14,700 - INFO -   Total Pages: 6
2024-11-30 17:35:14,700 - INFO -   Items Per Page: 10
2024-11-30 17:35:14,700 - INFO - Products Summary:
2024-11-30 17:35:14,701 - INFO -   Products Retrieved: 10
2024-11-30 17:35:14,701 - INFO -   Categories Present: EDC Gear, Accessories, Tools, Bundles, Pens
2024-11-30 17:35:14,701 - INFO -   Price Range: $2.00 - $148.00
2024-11-30 17:35:14,702 - INFO - Successfully fetched and processed product data
2024-11-30 17:35:14,702 - INFO - Updating UI with fetched products
2024-11-30 17:35:14,703 - INFO - UI update completed successfully
2024-11-30 17:35:14,704 - INFO - Product fetch operation completed
2024-11-30 17:35:14,704 - INFO - Application initialized. Log file: logs/product_dashboard_20241130_173514.log
2024-11-30 17:35:14,704 - INFO - Starting main loop
2024-11-30 17:35:25,387 - INFO - Items per page changed
2024-11-30 17:35:25,387 - INFO - Fetching products from API - Page 1
2024-11-30 17:35:25,388 - INFO - API Request Details:
2024-11-30 17:35:25,388 - INFO -   Endpoint: http://localhost:5000/api/products
2024-11-30 17:35:25,388 - INFO -   Method: GET
2024-11-30 17:35:25,388 - INFO -   Parameters: {'page': 1, 'limit': 50}
2024-11-30 17:35:25,448 - INFO - API Response Details:
2024-11-30 17:35:25,448 - INFO -   Status Code: 200
2024-11-30 17:35:25,448 - INFO -   Response Time: 0.058 seconds
2024-11-30 17:35:25,449 - INFO -   Content Type: application/json; charset=utf-8
2024-11-30 17:35:25,451 - INFO - Pagination Details:
2024-11-30 17:35:25,451 - INFO -   Total Products: Not specified
2024-11-30 17:35:25,451 - INFO -   Current Page: 1
2024-11-30 17:35:25,452 - INFO -   Total Pages: 2
2024-11-30 17:35:25,452 - INFO -   Items Per Page: 50
2024-11-30 17:35:25,452 - INFO - Products Summary:
2024-11-30 17:35:25,452 - INFO -   Products Retrieved: 50
2024-11-30 17:35:25,453 - INFO -   Categories Present: EDC Gear, Accessories, Tools, Bundles, Pens
2024-11-30 17:35:25,453 - INFO -   Price Range: $2.00 - $201.00
2024-11-30 17:35:25,453 - INFO - Successfully fetched and processed product data
2024-11-30 17:35:25,453 - INFO - Updating UI with fetched products
2024-11-30 17:35:25,455 - INFO - UI update completed successfully
2024-11-30 17:35:25,455 - INFO - Product fetch operation completed
2024-11-30 17:35:30,036 - INFO - Fetching users from API
2024-11-30 17:35:30,040 - ERROR - Failed to fetch users: 404
2024-11-30 17:35:30,041 - ERROR - Response content: <!DOCTYPE html>
<html lang="en">
<head>
<meta charset="utf-8">
<title>Error</title>
</head>
<body>
<pre>Cannot GET /api/users/all</pre>
</body>
</html>

2024-11-30 17:35:31,521 - INFO - Fetching users from API
2024-11-30 17:35:31,525 - ERROR - Failed to fetch users: 404
2024-11-30 17:35:31,525 - ERROR - Response content: <!DOCTYPE html>
<html lang="en">
<head>
<meta charset="utf-8">
<title>Error</title>
</head>
<body>
<pre>Cannot GET /api/users/all</pre>
</body>
</html>

