2024-11-28 10:41:04,719 - INFO - Logging initialized
2024-11-28 10:41:04,719 - INFO - Starting Product Dashboard application
2024-11-28 10:41:04,825 - INFO - Initializing ProductDashboard
2024-11-28 10:41:04,868 - INFO - Performing initial data fetch
2024-11-28 10:41:04,868 - INFO - Fetching products from API - Page 1
2024-11-28 10:41:04,868 - INFO - API Request Details:
2024-11-28 10:41:04,869 - INFO -   Endpoint: http://localhost:5000/api/products
2024-11-28 10:41:04,869 - INFO -   Method: GET
2024-11-28 10:41:04,869 - INFO -   Parameters: {'page': 1, 'limit': 10}
2024-11-28 10:41:04,892 - INFO - API Response Details:
2024-11-28 10:41:04,892 - INFO -   Status Code: 200
2024-11-28 10:41:04,893 - INFO -   Response Time: 0.020 seconds
2024-11-28 10:41:04,893 - INFO -   Content Type: application/json; charset=utf-8
2024-11-28 10:41:04,894 - INFO - Pagination Details:
2024-11-28 10:41:04,894 - INFO -   Total Products: Not specified
2024-11-28 10:41:04,894 - INFO -   Current Page: 1
2024-11-28 10:41:04,894 - INFO -   Total Pages: 6
2024-11-28 10:41:04,895 - INFO -   Items Per Page: 10
2024-11-28 10:41:04,895 - INFO - Products Summary:
2024-11-28 10:41:04,895 - INFO -   Products Retrieved: 10
2024-11-28 10:41:04,895 - INFO -   Categories Present: Accessories, Pens, EDC Gear, Tools, Bundles
2024-11-28 10:41:04,896 - INFO -   Price Range: $28.42 - $179.00
2024-11-28 10:41:04,896 - INFO - Successfully fetched and processed product data
2024-11-28 10:41:04,896 - INFO - Updating UI with fetched products
2024-11-28 10:41:04,897 - INFO - UI update completed successfully
2024-11-28 10:41:04,898 - INFO - Product fetch operation completed
2024-11-28 10:41:04,899 - INFO - Application initialized. Log file: logs/product_dashboard_20241128_104104.log
2024-11-28 10:41:04,899 - INFO - Starting main loop
2024-11-28 10:41:11,944 - INFO - Showing add product dialog
2024-11-28 10:41:37,578 - ERROR - Failed to upload image C:/Users/nickv/Pictures/day_dry.png: Invalid Signature c990bea50b26b00d201e04c7fce4a6802dba6cb5. String to sign - 'timestamp=1732808496'.
2024-11-28 10:41:37,578 - ERROR - Error adding product: Invalid Signature c990bea50b26b00d201e04c7fce4a6802dba6cb5. String to sign - 'timestamp=1732808496'.
Traceback (most recent call last):
  File "c:\Users\nickv\Downloads\tester\ecommerce-store-ecom\backend\scripts\product_dashboard.py", line 651, in submit
    image_urls = upload_images()
                 ^^^^^^^^^^^^^^^
  File "c:\Users\nickv\Downloads\tester\ecommerce-store-ecom\backend\scripts\product_dashboard.py", line 599, in upload_images
    raise e
  File "c:\Users\nickv\Downloads\tester\ecommerce-store-ecom\backend\scripts\product_dashboard.py", line 593, in upload_images
    result = cloudinary.uploader.upload(image_path)
             ^^^^^^^^^^^^^^^^^^^^^^^^^^^^^^^^^^^^^^
  File "C:\Users\nickv\AppData\Roaming\Python\Python312\site-packages\cloudinary\uploader.py", line 45, in upload
    return call_cacheable_api("upload", params, file=file, **options)
           ^^^^^^^^^^^^^^^^^^^^^^^^^^^^^^^^^^^^^^^^^^^^^^^^^^^^^^^^^^
  File "C:\Users\nickv\AppData\Roaming\Python\Python312\site-packages\cloudinary\uploader.py", line 462, in call_cacheable_api
    result = call_api(action, params, http_headers, return_error, unsigned, file, timeout, **options)
             ^^^^^^^^^^^^^^^^^^^^^^^^^^^^^^^^^^^^^^^^^^^^^^^^^^^^^^^^^^^^^^^^^^^^^^^^^^^^^^^^^^^^^^^^
  File "C:\Users\nickv\AppData\Roaming\Python\Python312\site-packages\cloudinary\uploader.py", line 527, in call_api
    raise Error(result["error"]["message"])
cloudinary.exceptions.Error: Invalid Signature c990bea50b26b00d201e04c7fce4a6802dba6cb5. String to sign - 'timestamp=1732808496'.
