2024-11-28 10:45:14,947 - INFO - Logging initialized
2024-11-28 10:45:14,948 - INFO - Starting Product Dashboard application
2024-11-28 10:45:15,034 - INFO - Initializing ProductDashboard
2024-11-28 10:45:15,059 - INFO - Performing initial data fetch
2024-11-28 10:45:15,060 - INFO - Fetching products from API - Page 1
2024-11-28 10:45:15,060 - INFO - API Request Details:
2024-11-28 10:45:15,060 - INFO -   Endpoint: http://localhost:5000/api/products
2024-11-28 10:45:15,061 - INFO -   Method: GET
2024-11-28 10:45:15,061 - INFO -   Parameters: {'page': 1, 'limit': 10}
2024-11-28 10:45:15,081 - INFO - API Response Details:
2024-11-28 10:45:15,081 - INFO -   Status Code: 200
2024-11-28 10:45:15,081 - INFO -   Response Time: 0.016 seconds
2024-11-28 10:45:15,081 - INFO -   Content Type: application/json; charset=utf-8
2024-11-28 10:45:15,082 - INFO - Pagination Details:
2024-11-28 10:45:15,082 - INFO -   Total Products: Not specified
2024-11-28 10:45:15,082 - INFO -   Current Page: 1
2024-11-28 10:45:15,082 - INFO -   Total Pages: 6
2024-11-28 10:45:15,083 - INFO -   Items Per Page: 10
2024-11-28 10:45:15,083 - INFO - Products Summary:
2024-11-28 10:45:15,083 - INFO -   Products Retrieved: 10
2024-11-28 10:45:15,083 - INFO -   Categories Present: Pens, Bundles, EDC Gear, Tools, Accessories
2024-11-28 10:45:15,083 - INFO -   Price Range: $28.42 - $179.00
2024-11-28 10:45:15,084 - INFO - Successfully fetched and processed product data
2024-11-28 10:45:15,084 - INFO - Updating UI with fetched products
2024-11-28 10:45:15,085 - INFO - UI update completed successfully
2024-11-28 10:45:15,085 - INFO - Product fetch operation completed
2024-11-28 10:45:15,085 - INFO - Application initialized. Log file: logs/product_dashboard_20241128_104514.log
2024-11-28 10:45:15,085 - INFO - Starting main loop
2024-11-28 10:45:18,699 - INFO - Showing add product dialog
2024-11-28 10:45:44,461 - INFO - Fetching products from API - Page 1
2024-11-28 10:45:44,462 - INFO - API Request Details:
2024-11-28 10:45:44,462 - INFO -   Endpoint: http://localhost:5000/api/products
2024-11-28 10:45:44,462 - INFO -   Method: GET
2024-11-28 10:45:44,462 - INFO -   Parameters: {'page': 1, 'limit': 10}
2024-11-28 10:45:44,478 - INFO - API Response Details:
2024-11-28 10:45:44,479 - INFO -   Status Code: 200
2024-11-28 10:45:44,479 - INFO -   Response Time: 0.015 seconds
2024-11-28 10:45:44,479 - INFO -   Content Type: application/json; charset=utf-8
2024-11-28 10:45:44,480 - INFO - Pagination Details:
2024-11-28 10:45:44,480 - INFO -   Total Products: Not specified
2024-11-28 10:45:44,480 - INFO -   Current Page: 1
2024-11-28 10:45:44,481 - INFO -   Total Pages: 6
2024-11-28 10:45:44,481 - INFO -   Items Per Page: 10
2024-11-28 10:45:44,481 - INFO - Products Summary:
2024-11-28 10:45:44,482 - INFO -   Products Retrieved: 10
2024-11-28 10:45:44,482 - INFO -   Categories Present: Pens, Bundles, EDC Gear, Tools, Accessories
2024-11-28 10:45:44,482 - INFO -   Price Range: $28.42 - $179.00
2024-11-28 10:45:44,482 - INFO - Successfully fetched and processed product data
2024-11-28 10:45:44,483 - INFO - Updating UI with fetched products
2024-11-28 10:45:44,484 - INFO - UI update completed successfully
2024-11-28 10:45:44,486 - INFO - Product fetch operation completed
