2024-11-27 15:33:50,644 - INFO - Logging initialized
2024-11-27 15:33:50,645 - INFO - Starting Product Dashboard application
2024-11-27 15:33:50,723 - INFO - Initializing ProductDashboard
2024-11-27 15:33:50,756 - INFO - Performing initial data fetch
2024-11-27 15:33:50,756 - INFO - Fetching products from API - Page 1
2024-11-27 15:33:50,757 - INFO - API Request Details:
2024-11-27 15:33:50,757 - INFO -   Endpoint: http://localhost:5000/api/products
2024-11-27 15:33:50,757 - INFO -   Method: GET
2024-11-27 15:33:50,757 - INFO -   Parameters: {'page': 1, 'limit': 10}
2024-11-27 15:33:50,783 - INFO - API Response Details:
2024-11-27 15:33:50,784 - INFO -   Status Code: 200
2024-11-27 15:33:50,784 - INFO -   Response Time: 0.022 seconds
2024-11-27 15:33:50,784 - INFO -   Content Type: application/json; charset=utf-8
2024-11-27 15:33:50,785 - INFO - Pagination Details:
2024-11-27 15:33:50,785 - INFO -   Total Products: Not specified
2024-11-27 15:33:50,785 - INFO -   Current Page: 1
2024-11-27 15:33:50,786 - INFO -   Total Pages: 5
2024-11-27 15:33:50,786 - INFO -   Items Per Page: 10
2024-11-27 15:33:50,786 - INFO - Products Summary:
2024-11-27 15:33:50,786 - INFO -   Products Retrieved: 10
2024-11-27 15:33:50,786 - INFO -   Categories Present: Pens, EDC Gear, Accessories, Tools, Bundles
2024-11-27 15:33:50,787 - INFO -   Price Range: $23.00 - $203.00
2024-11-27 15:33:50,787 - INFO - Successfully fetched and processed product data
2024-11-27 15:33:50,787 - INFO - Updating UI with fetched products
2024-11-27 15:33:50,788 - INFO - UI update completed successfully
2024-11-27 15:33:50,789 - INFO - Product fetch operation completed
2024-11-27 15:33:50,789 - INFO - Application initialized. Log file: logs/product_dashboard_20241127_153350.log
2024-11-27 15:33:50,789 - INFO - Starting main loop
2024-11-27 15:33:52,447 - INFO - Showing add product dialog
2024-11-27 15:34:22,155 - INFO - Fetching products from API - Page 1
2024-11-27 15:34:22,156 - INFO - API Request Details:
2024-11-27 15:34:22,156 - INFO -   Endpoint: http://localhost:5000/api/products
2024-11-27 15:34:22,157 - INFO -   Method: GET
2024-11-27 15:34:22,157 - INFO -   Parameters: {'page': 1, 'limit': 10}
2024-11-27 15:34:22,175 - INFO - API Response Details:
2024-11-27 15:34:22,176 - INFO -   Status Code: 200
2024-11-27 15:34:22,176 - INFO -   Response Time: 0.017 seconds
2024-11-27 15:34:22,176 - INFO -   Content Type: application/json; charset=utf-8
2024-11-27 15:34:22,176 - INFO - Pagination Details:
2024-11-27 15:34:22,177 - INFO -   Total Products: Not specified
2024-11-27 15:34:22,177 - INFO -   Current Page: 1
2024-11-27 15:34:22,177 - INFO -   Total Pages: 6
2024-11-27 15:34:22,177 - INFO -   Items Per Page: 10
2024-11-27 15:34:22,177 - INFO - Products Summary:
2024-11-27 15:34:22,177 - INFO -   Products Retrieved: 10
2024-11-27 15:34:22,178 - INFO -   Categories Present: Pens, EDC Gear, Accessories, Tools, Bundles
2024-11-27 15:34:22,178 - INFO -   Price Range: $2.00 - $183.80
2024-11-27 15:34:22,178 - INFO - Successfully fetched and processed product data
2024-11-27 15:34:22,179 - INFO - Updating UI with fetched products
2024-11-27 15:34:22,180 - INFO - UI update completed successfully
2024-11-27 15:34:22,181 - INFO - Product fetch operation completed
2024-11-27 15:34:25,305 - INFO - Items per page changed
2024-11-27 15:34:25,305 - INFO - Fetching products from API - Page 1
2024-11-27 15:34:25,305 - INFO - API Request Details:
2024-11-27 15:34:25,305 - INFO -   Endpoint: http://localhost:5000/api/products
2024-11-27 15:34:25,305 - INFO -   Method: GET
2024-11-27 15:34:25,306 - INFO -   Parameters: {'page': 1, 'limit': 50}
2024-11-27 15:34:25,367 - INFO - API Response Details:
2024-11-27 15:34:25,367 - INFO -   Status Code: 200
2024-11-27 15:34:25,367 - INFO -   Response Time: 0.059 seconds
2024-11-27 15:34:25,368 - INFO -   Content Type: application/json; charset=utf-8
2024-11-27 15:34:25,369 - INFO - Pagination Details:
2024-11-27 15:34:25,369 - INFO -   Total Products: Not specified
2024-11-27 15:34:25,369 - INFO -   Current Page: 1
2024-11-27 15:34:25,369 - INFO -   Total Pages: 2
2024-11-27 15:34:25,370 - INFO -   Items Per Page: 50
2024-11-27 15:34:25,370 - INFO - Products Summary:
2024-11-27 15:34:25,370 - INFO -   Products Retrieved: 50
2024-11-27 15:34:25,370 - INFO -   Categories Present: Pens, EDC Gear, Accessories, Tools, Bundles
2024-11-27 15:34:25,370 - INFO -   Price Range: $2.00 - $217.00
2024-11-27 15:34:25,370 - INFO - Successfully fetched and processed product data
2024-11-27 15:34:25,371 - INFO - Updating UI with fetched products
2024-11-27 15:34:25,372 - INFO - UI update completed successfully
2024-11-27 15:34:25,372 - INFO - Product fetch operation completed
2024-11-27 15:34:31,326 - INFO - Showing add product dialog
