2024-12-01 00:03:37,740 - INFO - Logging initialized
2024-12-01 00:03:37,741 - INFO - Starting Product Dashboard application
2024-12-01 00:03:37,966 - INFO - Initializing ProductDashboard
2024-12-01 00:03:38,022 - INFO - Fetching products from API - Page 1
2024-12-01 00:03:38,022 - INFO - API Request Details:
2024-12-01 00:03:38,022 - INFO -   Endpoint: http://localhost:5000/api/products
2024-12-01 00:03:38,023 - INFO -   Method: GET
2024-12-01 00:03:38,023 - INFO -   Parameters: {'page': 1, 'limit': 10}
2024-12-01 00:03:38,061 - INFO - API Response Details:
2024-12-01 00:03:38,062 - INFO -   Status Code: 200
2024-12-01 00:03:38,062 - INFO -   Response Time: 0.034 seconds
2024-12-01 00:03:38,062 - INFO -   Content Type: application/json; charset=utf-8
2024-12-01 00:03:38,063 - INFO - Pagination Details:
2024-12-01 00:03:38,063 - INFO -   Total Products: Not specified
2024-12-01 00:03:38,063 - INFO -   Current Page: 1
2024-12-01 00:03:38,064 - INFO -   Total Pages: 2
2024-12-01 00:03:38,064 - INFO -   Items Per Page: 10
2024-12-01 00:03:38,064 - INFO - Products Summary:
2024-12-01 00:03:38,064 - INFO -   Products Retrieved: 10
2024-12-01 00:03:38,065 - INFO -   Categories Present: EDC Gear, Clothing
2024-12-01 00:03:38,065 - INFO -   Price Range: $19.99 - $249.99
2024-12-01 00:03:38,065 - INFO - Successfully fetched and processed product data
2024-12-01 00:03:38,066 - INFO - Updating UI with fetched products
2024-12-01 00:03:38,067 - INFO - UI update completed successfully
2024-12-01 00:03:38,068 - INFO - Product fetch operation completed
2024-12-01 00:03:38,069 - INFO - Performing initial data fetch
2024-12-01 00:03:38,069 - INFO - Fetching products from API - Page 1
2024-12-01 00:03:38,069 - INFO - API Request Details:
2024-12-01 00:03:38,070 - INFO -   Endpoint: http://localhost:5000/api/products
2024-12-01 00:03:38,070 - INFO -   Method: GET
2024-12-01 00:03:38,070 - INFO -   Parameters: {'page': 1, 'limit': 10}
2024-12-01 00:03:38,088 - INFO - API Response Details:
2024-12-01 00:03:38,088 - INFO -   Status Code: 200
2024-12-01 00:03:38,089 - INFO -   Response Time: 0.016 seconds
2024-12-01 00:03:38,089 - INFO -   Content Type: application/json; charset=utf-8
2024-12-01 00:03:38,090 - INFO - Pagination Details:
2024-12-01 00:03:38,090 - INFO -   Total Products: Not specified
2024-12-01 00:03:38,090 - INFO -   Current Page: 1
2024-12-01 00:03:38,090 - INFO -   Total Pages: 2
2024-12-01 00:03:38,091 - INFO -   Items Per Page: 10
2024-12-01 00:03:38,091 - INFO - Products Summary:
2024-12-01 00:03:38,091 - INFO -   Products Retrieved: 10
2024-12-01 00:03:38,091 - INFO -   Categories Present: EDC Gear, Clothing
2024-12-01 00:03:38,091 - INFO -   Price Range: $19.99 - $249.99
2024-12-01 00:03:38,092 - INFO - Successfully fetched and processed product data
2024-12-01 00:03:38,092 - INFO - Updating UI with fetched products
2024-12-01 00:03:38,093 - INFO - UI update completed successfully
2024-12-01 00:03:38,093 - INFO - Product fetch operation completed
2024-12-01 00:03:38,094 - INFO - Application initialized. Log file: logs/product_dashboard_20241201_000337.log
2024-12-01 00:03:38,094 - INFO - Starting main loop
2024-12-01 00:03:44,681 - INFO - Fetching users from API
2024-12-01 00:03:44,686 - ERROR - Failed to authenticate: 400
2024-12-01 00:03:44,686 - ERROR - Response content: {"message":"Invalid credentials"}
2024-12-01 00:03:46,517 - INFO - Fetching users from API
2024-12-01 00:03:46,522 - ERROR - Failed to authenticate: 400
2024-12-01 00:03:46,522 - ERROR - Response content: {"message":"Invalid credentials"}
2024-12-01 00:03:47,438 - INFO - Fetching users from API
2024-12-01 00:03:47,443 - ERROR - Failed to authenticate: 400
2024-12-01 00:03:47,443 - ERROR - Response content: {"message":"Invalid credentials"}
2024-12-01 00:03:49,740 - INFO - Fetching products from API - Page 1
2024-12-01 00:03:49,741 - INFO - API Request Details:
2024-12-01 00:03:49,741 - INFO -   Endpoint: http://localhost:5000/api/products
2024-12-01 00:03:49,741 - INFO -   Method: GET
2024-12-01 00:03:49,741 - INFO -   Parameters: {'page': 1, 'limit': 10}
2024-12-01 00:03:49,755 - INFO - API Response Details:
2024-12-01 00:03:49,755 - INFO -   Status Code: 200
2024-12-01 00:03:49,755 - INFO -   Response Time: 0.012 seconds
2024-12-01 00:03:49,755 - INFO -   Content Type: application/json; charset=utf-8
2024-12-01 00:03:49,756 - INFO - Pagination Details:
2024-12-01 00:03:49,756 - INFO -   Total Products: Not specified
2024-12-01 00:03:49,757 - INFO -   Current Page: 1
2024-12-01 00:03:49,757 - INFO -   Total Pages: 2
2024-12-01 00:03:49,757 - INFO -   Items Per Page: 10
2024-12-01 00:03:49,757 - INFO - Products Summary:
2024-12-01 00:03:49,758 - INFO -   Products Retrieved: 10
2024-12-01 00:03:49,758 - INFO -   Categories Present: EDC Gear, Clothing
2024-12-01 00:03:49,758 - INFO -   Price Range: $19.99 - $249.99
2024-12-01 00:03:49,759 - INFO - Successfully fetched and processed product data
2024-12-01 00:03:49,759 - INFO - Updating UI with fetched products
2024-12-01 00:03:49,760 - INFO - UI update completed successfully
2024-12-01 00:03:49,760 - INFO - Product fetch operation completed
2024-12-01 00:03:56,642 - INFO - Items per page changed
2024-12-01 00:03:56,643 - INFO - Fetching products from API - Page 1
2024-12-01 00:03:56,643 - INFO - API Request Details:
2024-12-01 00:03:56,643 - INFO -   Endpoint: http://localhost:5000/api/products
2024-12-01 00:03:56,644 - INFO -   Method: GET
2024-12-01 00:03:56,644 - INFO -   Parameters: {'page': 1, 'limit': 100}
2024-12-01 00:03:56,672 - INFO - API Response Details:
2024-12-01 00:03:56,672 - INFO -   Status Code: 200
2024-12-01 00:03:56,673 - INFO -   Response Time: 0.027 seconds
2024-12-01 00:03:56,673 - INFO -   Content Type: application/json; charset=utf-8
2024-12-01 00:03:56,674 - INFO - Pagination Details:
2024-12-01 00:03:56,674 - INFO -   Total Products: Not specified
2024-12-01 00:03:56,674 - INFO -   Current Page: 1
2024-12-01 00:03:56,674 - INFO -   Total Pages: 1
2024-12-01 00:03:56,675 - INFO -   Items Per Page: 100
2024-12-01 00:03:56,675 - INFO - Products Summary:
2024-12-01 00:03:56,675 - INFO -   Products Retrieved: 18
2024-12-01 00:03:56,675 - INFO -   Categories Present: EDC Gear, Clothing
2024-12-01 00:03:56,675 - INFO -   Price Range: $19.99 - $249.99
2024-12-01 00:03:56,676 - INFO - Successfully fetched and processed product data
2024-12-01 00:03:56,676 - INFO - Updating UI with fetched products
2024-12-01 00:03:56,677 - INFO - UI update completed successfully
2024-12-01 00:03:56,677 - INFO - Product fetch operation completed
2024-12-01 00:04:54,130 - INFO - Showing add product dialog
2024-12-01 00:05:30,352 - INFO - Application shutting down
