2024-11-27 15:32:44,364 - INFO - Logging initialized
2024-11-27 15:32:44,364 - INFO - Starting Product Dashboard application
2024-11-27 15:32:44,444 - INFO - Initializing ProductDashboard
2024-11-27 15:32:44,464 - INFO - Performing initial data fetch
2024-11-27 15:32:44,464 - INFO - Fetching products from API - Page 1
2024-11-27 15:32:44,464 - INFO - API Request Details:
2024-11-27 15:32:44,466 - INFO -   Endpoint: http://localhost:5000/api/products
2024-11-27 15:32:44,466 - INFO -   Method: GET
2024-11-27 15:32:44,466 - INFO -   Parameters: {'page': 1, 'limit': 10}
2024-11-27 15:32:44,491 - INFO - API Response Details:
2024-11-27 15:32:44,491 - INFO -   Status Code: 200
2024-11-27 15:32:44,492 - INFO -   Response Time: 0.021 seconds
2024-11-27 15:32:44,492 - INFO -   Content Type: application/json; charset=utf-8
2024-11-27 15:32:44,492 - INFO - Pagination Details:
2024-11-27 15:32:44,492 - INFO -   Total Products: Not specified
2024-11-27 15:32:44,493 - INFO -   Current Page: 1
2024-11-27 15:32:44,493 - INFO -   Total Pages: 5
2024-11-27 15:32:44,493 - INFO -   Items Per Page: 10
2024-11-27 15:32:44,493 - INFO - Products Summary:
2024-11-27 15:32:44,494 - INFO -   Products Retrieved: 10
2024-11-27 15:32:44,494 - INFO -   Categories Present: Pens, EDC Gear, Accessories, Bundles, Tools
2024-11-27 15:32:44,494 - INFO -   Price Range: $23.00 - $203.00
2024-11-27 15:32:44,494 - INFO - Successfully fetched and processed product data
2024-11-27 15:32:44,494 - INFO - Updating UI with fetched products
2024-11-27 15:32:44,495 - INFO - UI update completed successfully
2024-11-27 15:32:44,495 - INFO - Product fetch operation completed
2024-11-27 15:32:44,495 - INFO - Application initialized. Log file: logs/product_dashboard_20241127_153244.log
2024-11-27 15:32:44,495 - INFO - Starting main loop
2024-11-27 15:32:46,212 - INFO - Showing add product dialog
2024-11-27 15:33:46,401 - INFO - Application shutting down
