2024-11-30 17:56:42,463 - INFO - Logging initialized
2024-11-30 17:56:42,463 - INFO - Starting Product Dashboard application
2024-11-30 17:56:42,541 - INFO - Initializing ProductDashboard
2024-11-30 17:56:42,567 - INFO - Fetching products from API - Page 1
2024-11-30 17:56:42,567 - INFO - API Request Details:
2024-11-30 17:56:42,567 - INFO -   Endpoint: http://localhost:5000/api/products
2024-11-30 17:56:42,568 - INFO -   Method: GET
2024-11-30 17:56:42,568 - INFO -   Parameters: {'page': 1, 'limit': 10}
2024-11-30 17:56:42,590 - INFO - API Response Details:
2024-11-30 17:56:42,592 - INFO -   Status Code: 200
2024-11-30 17:56:42,592 - INFO -   Response Time: 0.019 seconds
2024-11-30 17:56:42,592 - INFO -   Content Type: application/json; charset=utf-8
2024-11-30 17:56:42,593 - INFO - Pagination Details:
2024-11-30 17:56:42,593 - INFO -   Total Products: Not specified
2024-11-30 17:56:42,594 - INFO -   Current Page: 1
2024-11-30 17:56:42,594 - INFO -   Total Pages: 5
2024-11-30 17:56:42,594 - INFO -   Items Per Page: 10
2024-11-30 17:56:42,594 - INFO - Products Summary:
2024-11-30 17:56:42,594 - INFO -   Products Retrieved: 10
2024-11-30 17:56:42,595 - INFO -   Categories Present: Accessories, Tools, Bundles, Pens, EDC Gear
2024-11-30 17:56:42,595 - INFO -   Price Range: $23.00 - $202.00
2024-11-30 17:56:42,595 - INFO - Successfully fetched and processed product data
2024-11-30 17:56:42,595 - INFO - Updating UI with fetched products
2024-11-30 17:56:42,596 - INFO - UI update completed successfully
2024-11-30 17:56:42,596 - INFO - Product fetch operation completed
2024-11-30 17:56:42,596 - INFO - Performing initial data fetch
2024-11-30 17:56:42,597 - INFO - Fetching products from API - Page 1
2024-11-30 17:56:42,597 - INFO - API Request Details:
2024-11-30 17:56:42,597 - INFO -   Endpoint: http://localhost:5000/api/products
2024-11-30 17:56:42,597 - INFO -   Method: GET
2024-11-30 17:56:42,597 - INFO -   Parameters: {'page': 1, 'limit': 10}
2024-11-30 17:56:42,616 - INFO - API Response Details:
2024-11-30 17:56:42,616 - INFO -   Status Code: 200
2024-11-30 17:56:42,616 - INFO -   Response Time: 0.017 seconds
2024-11-30 17:56:42,616 - INFO -   Content Type: application/json; charset=utf-8
2024-11-30 17:56:42,617 - INFO - Pagination Details:
2024-11-30 17:56:42,617 - INFO -   Total Products: Not specified
2024-11-30 17:56:42,617 - INFO -   Current Page: 1
2024-11-30 17:56:42,617 - INFO -   Total Pages: 5
2024-11-30 17:56:42,618 - INFO -   Items Per Page: 10
2024-11-30 17:56:42,618 - INFO - Products Summary:
2024-11-30 17:56:42,618 - INFO -   Products Retrieved: 10
2024-11-30 17:56:42,619 - INFO -   Categories Present: Accessories, Tools, Bundles, Pens, EDC Gear
2024-11-30 17:56:42,619 - INFO -   Price Range: $23.00 - $202.00
2024-11-30 17:56:42,619 - INFO - Successfully fetched and processed product data
2024-11-30 17:56:42,619 - INFO - Updating UI with fetched products
2024-11-30 17:56:42,620 - INFO - UI update completed successfully
2024-11-30 17:56:42,621 - INFO - Product fetch operation completed
2024-11-30 17:56:42,621 - INFO - Application initialized. Log file: logs/product_dashboard_20241130_175642.log
2024-11-30 17:56:42,622 - INFO - Starting main loop
2024-11-30 17:56:44,983 - INFO - Fetching users from API
2024-11-30 17:56:45,065 - ERROR - Failed to fetch users: 404
2024-11-30 17:56:45,065 - ERROR - Response content: <!DOCTYPE html>
<html lang="en">
<head>
<meta charset="utf-8">
<title>Error</title>
</head>
<body>
<pre>Cannot GET /api/users/admin/users</pre>
</body>
</html>

