2024-11-27 15:59:05,795 - INFO - Logging initialized
2024-11-27 15:59:05,795 - INFO - Starting Product Dashboard application
2024-11-27 15:59:05,894 - INFO - Initializing ProductDashboard
2024-11-27 15:59:05,917 - INFO - Performing initial data fetch
2024-11-27 15:59:05,917 - INFO - Fetching products from API - Page 1
2024-11-27 15:59:05,917 - INFO - API Request Details:
2024-11-27 15:59:05,917 - INFO -   Endpoint: http://localhost:5000/api/products
2024-11-27 15:59:05,918 - INFO -   Method: GET
2024-11-27 15:59:05,918 - INFO -   Parameters: {'page': 1, 'limit': 10}
2024-11-27 15:59:05,940 - INFO - API Response Details:
2024-11-27 15:59:05,941 - INFO -   Status Code: 200
2024-11-27 15:59:05,941 - INFO -   Response Time: 0.017 seconds
2024-11-27 15:59:05,941 - INFO -   Content Type: application/json; charset=utf-8
2024-11-27 15:59:05,942 - INFO - Pagination Details:
2024-11-27 15:59:05,942 - INFO -   Total Products: Not specified
2024-11-27 15:59:05,943 - INFO -   Current Page: 1
2024-11-27 15:59:05,943 - INFO -   Total Pages: 6
2024-11-27 15:59:05,943 - INFO -   Items Per Page: 10
2024-11-27 15:59:05,943 - INFO - Products Summary:
2024-11-27 15:59:05,943 - INFO -   Products Retrieved: 10
2024-11-27 15:59:05,944 - INFO -   Categories Present: Tools, Accessories, Pens, EDC Gear, Bundles
2024-11-27 15:59:05,944 - INFO -   Price Range: $2.00 - $183.80
2024-11-27 15:59:05,944 - INFO - Successfully fetched and processed product data
2024-11-27 15:59:05,945 - INFO - Updating UI with fetched products
2024-11-27 15:59:05,947 - INFO - UI update completed successfully
2024-11-27 15:59:05,948 - INFO - Product fetch operation completed
2024-11-27 15:59:05,948 - INFO - Application initialized. Log file: logs/product_dashboard_20241127_155905.log
2024-11-27 15:59:05,949 - INFO - Starting main loop
2024-11-27 15:59:08,529 - INFO - Showing add product dialog
2024-11-27 16:00:04,674 - INFO - Fetching products from API - Page 1
2024-11-27 16:00:04,674 - INFO - API Request Details:
2024-11-27 16:00:04,674 - INFO -   Endpoint: http://localhost:5000/api/products
2024-11-27 16:00:04,674 - INFO -   Method: GET
2024-11-27 16:00:04,675 - INFO -   Parameters: {'page': 1, 'limit': 10}
2024-11-27 16:00:04,690 - INFO - API Response Details:
2024-11-27 16:00:04,690 - INFO -   Status Code: 200
2024-11-27 16:00:04,691 - INFO -   Response Time: 0.013 seconds
2024-11-27 16:00:04,691 - INFO -   Content Type: application/json; charset=utf-8
2024-11-27 16:00:04,692 - INFO - Pagination Details:
2024-11-27 16:00:04,692 - INFO -   Total Products: Not specified
2024-11-27 16:00:04,692 - INFO -   Current Page: 1
2024-11-27 16:00:04,692 - INFO -   Total Pages: 6
2024-11-27 16:00:04,693 - INFO -   Items Per Page: 10
2024-11-27 16:00:04,693 - INFO - Products Summary:
2024-11-27 16:00:04,693 - INFO -   Products Retrieved: 10
2024-11-27 16:00:04,693 - INFO -   Categories Present: Tools, Accessories, Pens, EDC Gear, Bundles
2024-11-27 16:00:04,693 - INFO -   Price Range: $2.00 - $183.80
2024-11-27 16:00:04,694 - INFO - Successfully fetched and processed product data
2024-11-27 16:00:04,694 - INFO - Updating UI with fetched products
2024-11-27 16:00:04,697 - INFO - UI update completed successfully
2024-11-27 16:00:04,698 - INFO - Product fetch operation completed
2024-11-27 16:03:18,989 - INFO - Application shutting down
