2024-11-30 17:59:30,791 - INFO - Logging initialized
2024-11-30 17:59:30,791 - INFO - Starting Product Dashboard application
2024-11-30 17:59:30,888 - INFO - Initializing ProductDashboard
2024-11-30 17:59:30,920 - INFO - Fetching products from API - Page 1
2024-11-30 17:59:30,920 - INFO - API Request Details:
2024-11-30 17:59:30,921 - INFO -   Endpoint: http://localhost:5000/api/products
2024-11-30 17:59:30,921 - INFO -   Method: GET
2024-11-30 17:59:30,921 - INFO -   Parameters: {'page': 1, 'limit': 10}
2024-11-30 17:59:30,948 - INFO - API Response Details:
2024-11-30 17:59:30,949 - INFO -   Status Code: 200
2024-11-30 17:59:30,950 - INFO -   Response Time: 0.025 seconds
2024-11-30 17:59:30,950 - INFO -   Content Type: application/json; charset=utf-8
2024-11-30 17:59:30,950 - INFO - Pagination Details:
2024-11-30 17:59:30,951 - INFO -   Total Products: Not specified
2024-11-30 17:59:30,951 - INFO -   Current Page: 1
2024-11-30 17:59:30,951 - INFO -   Total Pages: 5
2024-11-30 17:59:30,951 - INFO -   Items Per Page: 10
2024-11-30 17:59:30,951 - INFO - Products Summary:
2024-11-30 17:59:30,952 - INFO -   Products Retrieved: 10
2024-11-30 17:59:30,952 - INFO -   Categories Present: Pens, Bundles, Accessories, EDC Gear, Tools
2024-11-30 17:59:30,952 - INFO -   Price Range: $23.00 - $202.00
2024-11-30 17:59:30,952 - INFO - Successfully fetched and processed product data
2024-11-30 17:59:30,952 - INFO - Updating UI with fetched products
2024-11-30 17:59:30,953 - INFO - UI update completed successfully
2024-11-30 17:59:30,953 - INFO - Product fetch operation completed
2024-11-30 17:59:30,954 - INFO - Performing initial data fetch
2024-11-30 17:59:30,954 - INFO - Fetching products from API - Page 1
2024-11-30 17:59:30,954 - INFO - API Request Details:
2024-11-30 17:59:30,955 - INFO -   Endpoint: http://localhost:5000/api/products
2024-11-30 17:59:30,955 - INFO -   Method: GET
2024-11-30 17:59:30,955 - INFO -   Parameters: {'page': 1, 'limit': 10}
2024-11-30 17:59:30,976 - INFO - API Response Details:
2024-11-30 17:59:30,976 - INFO -   Status Code: 200
2024-11-30 17:59:30,977 - INFO -   Response Time: 0.020 seconds
2024-11-30 17:59:30,977 - INFO -   Content Type: application/json; charset=utf-8
2024-11-30 17:59:30,978 - INFO - Pagination Details:
2024-11-30 17:59:30,978 - INFO -   Total Products: Not specified
2024-11-30 17:59:30,978 - INFO -   Current Page: 1
2024-11-30 17:59:30,978 - INFO -   Total Pages: 5
2024-11-30 17:59:30,978 - INFO -   Items Per Page: 10
2024-11-30 17:59:30,979 - INFO - Products Summary:
2024-11-30 17:59:30,979 - INFO -   Products Retrieved: 10
2024-11-30 17:59:30,979 - INFO -   Categories Present: Pens, Bundles, Accessories, EDC Gear, Tools
2024-11-30 17:59:30,979 - INFO -   Price Range: $23.00 - $202.00
2024-11-30 17:59:30,980 - INFO - Successfully fetched and processed product data
2024-11-30 17:59:30,980 - INFO - Updating UI with fetched products
2024-11-30 17:59:30,981 - INFO - UI update completed successfully
2024-11-30 17:59:30,981 - INFO - Product fetch operation completed
2024-11-30 17:59:30,982 - INFO - Application initialized. Log file: logs/product_dashboard_20241130_175930.log
2024-11-30 17:59:30,982 - INFO - Starting main loop
2024-11-30 17:59:35,194 - INFO - Fetching users from API
2024-11-30 17:59:35,292 - INFO - Updating UI with fetched users
2024-11-30 17:59:35,293 - INFO - Users UI update completed successfully
2024-11-30 17:59:37,585 - ERROR - Failed to fetch user details: 404
2024-11-30 17:59:37,585 - ERROR - Response content: <!DOCTYPE html>
<html lang="en">
<head>
<meta charset="utf-8">
<title>Error</title>
</head>
<body>
<pre>Cannot GET /api/users/admin/674b95e3f1a3ba0615772848</pre>
</body>
</html>

2024-11-30 17:59:38,240 - ERROR - Failed to fetch user details: 404
2024-11-30 17:59:38,240 - ERROR - Response content: <!DOCTYPE html>
<html lang="en">
<head>
<meta charset="utf-8">
<title>Error</title>
</head>
<body>
<pre>Cannot GET /api/users/admin/674b95e3f1a3ba0615772852</pre>
</body>
</html>

2024-11-30 17:59:38,620 - ERROR - Failed to fetch user details: 404
2024-11-30 17:59:38,621 - ERROR - Response content: <!DOCTYPE html>
<html lang="en">
<head>
<meta charset="utf-8">
<title>Error</title>
</head>
<body>
<pre>Cannot GET /api/users/admin/674b95e4f1a3ba0615772864</pre>
</body>
</html>

2024-11-30 17:59:39,035 - ERROR - Failed to fetch user details: 404
2024-11-30 17:59:39,035 - ERROR - Response content: <!DOCTYPE html>
<html lang="en">
<head>
<meta charset="utf-8">
<title>Error</title>
</head>
<body>
<pre>Cannot GET /api/users/admin/674b95e4f1a3ba061577286f</pre>
</body>
</html>

2024-11-30 17:59:40,419 - ERROR - Failed to fetch user details: 404
2024-11-30 17:59:40,420 - ERROR - Response content: <!DOCTYPE html>
<html lang="en">
<head>
<meta charset="utf-8">
<title>Error</title>
</head>
<body>
<pre>Cannot GET /api/users/admin/674b95e4f1a3ba061577287e</pre>
</body>
</html>

2024-11-30 17:59:53,514 - ERROR - Failed to fetch user details: 404
2024-11-30 17:59:53,515 - ERROR - Response content: <!DOCTYPE html>
<html lang="en">
<head>
<meta charset="utf-8">
<title>Error</title>
</head>
<body>
<pre>Cannot GET /api/users/admin/674b95e4f1a3ba061577286f</pre>
</body>
</html>

2024-11-30 17:59:54,731 - ERROR - Failed to fetch user details: 404
2024-11-30 17:59:54,732 - ERROR - Response content: <!DOCTYPE html>
<html lang="en">
<head>
<meta charset="utf-8">
<title>Error</title>
</head>
<body>
<pre>Cannot GET /api/users/admin/674b95e4f1a3ba061577287e</pre>
</body>
</html>

2024-11-30 17:59:56,432 - ERROR - Failed to fetch user details: 404
2024-11-30 17:59:56,432 - ERROR - Response content: <!DOCTYPE html>
<html lang="en">
<head>
<meta charset="utf-8">
<title>Error</title>
</head>
<body>
<pre>Cannot GET /api/users/admin/674b95e3f1a3ba0615772835</pre>
</body>
</html>

2024-11-30 17:59:57,061 - ERROR - Failed to fetch user details: 404
2024-11-30 17:59:57,062 - ERROR - Response content: <!DOCTYPE html>
<html lang="en">
<head>
<meta charset="utf-8">
<title>Error</title>
</head>
<body>
<pre>Cannot GET /api/users/admin/674b95e3f1a3ba0615772835</pre>
</body>
</html>

2024-11-30 17:59:57,389 - ERROR - Failed to fetch user details: 404
2024-11-30 17:59:57,390 - ERROR - Response content: <!DOCTYPE html>
<html lang="en">
<head>
<meta charset="utf-8">
<title>Error</title>
</head>
<body>
<pre>Cannot GET /api/users/admin/674b95e3f1a3ba061577282f</pre>
</body>
</html>

2024-11-30 17:59:57,830 - ERROR - Failed to fetch user details: 404
2024-11-30 17:59:57,830 - ERROR - Response content: <!DOCTYPE html>
<html lang="en">
<head>
<meta charset="utf-8">
<title>Error</title>
</head>
<body>
<pre>Cannot GET /api/users/admin/674b95e2f1a3ba061577281f</pre>
</body>
</html>

2024-11-30 17:59:58,253 - ERROR - Failed to fetch user details: 404
2024-11-30 17:59:58,254 - ERROR - Response content: <!DOCTYPE html>
<html lang="en">
<head>
<meta charset="utf-8">
<title>Error</title>
</head>
<body>
<pre>Cannot GET /api/users/admin/674b95e2f1a3ba0615772815</pre>
</body>
</html>

