2024-11-30 17:49:59,020 - INFO - Logging initialized
2024-11-30 17:49:59,020 - INFO - Starting Product Dashboard application
2024-11-30 17:49:59,103 - INFO - Initializing ProductDashboard
2024-11-30 17:49:59,140 - INFO - Fetching products from API - Page 1
2024-11-30 17:49:59,140 - INFO - API Request Details:
2024-11-30 17:49:59,140 - INFO -   Endpoint: http://localhost:5000/api/products
2024-11-30 17:49:59,141 - INFO -   Method: GET
2024-11-30 17:49:59,141 - INFO -   Parameters: {'page': 1, 'limit': 10}
2024-11-30 17:49:59,172 - INFO - API Response Details:
2024-11-30 17:49:59,173 - INFO -   Status Code: 200
2024-11-30 17:49:59,173 - INFO -   Response Time: 0.029 seconds
2024-11-30 17:49:59,174 - INFO -   Content Type: application/json; charset=utf-8
2024-11-30 17:49:59,174 - INFO - Pagination Details:
2024-11-30 17:49:59,174 - INFO -   Total Products: Not specified
2024-11-30 17:49:59,175 - INFO -   Current Page: 1
2024-11-30 17:49:59,175 - INFO -   Total Pages: 5
2024-11-30 17:49:59,175 - INFO -   Items Per Page: 10
2024-11-30 17:49:59,175 - INFO - Products Summary:
2024-11-30 17:49:59,175 - INFO -   Products Retrieved: 10
2024-11-30 17:49:59,175 - INFO -   Categories Present: Tools, EDC Gear, Accessories, Pens, Bundles
2024-11-30 17:49:59,175 - INFO -   Price Range: $23.00 - $202.00
2024-11-30 17:49:59,175 - INFO - Successfully fetched and processed product data
2024-11-30 17:49:59,176 - INFO - Updating UI with fetched products
2024-11-30 17:49:59,177 - INFO - UI update completed successfully
2024-11-30 17:49:59,177 - INFO - Product fetch operation completed
2024-11-30 17:49:59,177 - INFO - Performing initial data fetch
2024-11-30 17:49:59,179 - INFO - Fetching products from API - Page 1
2024-11-30 17:49:59,179 - INFO - API Request Details:
2024-11-30 17:49:59,179 - INFO -   Endpoint: http://localhost:5000/api/products
2024-11-30 17:49:59,179 - INFO -   Method: GET
2024-11-30 17:49:59,180 - INFO -   Parameters: {'page': 1, 'limit': 10}
2024-11-30 17:49:59,211 - INFO - API Response Details:
2024-11-30 17:49:59,211 - INFO -   Status Code: 200
2024-11-30 17:49:59,211 - INFO -   Response Time: 0.031 seconds
2024-11-30 17:49:59,212 - INFO -   Content Type: application/json; charset=utf-8
2024-11-30 17:49:59,212 - INFO - Pagination Details:
2024-11-30 17:49:59,213 - INFO -   Total Products: Not specified
2024-11-30 17:49:59,213 - INFO -   Current Page: 1
2024-11-30 17:49:59,213 - INFO -   Total Pages: 5
2024-11-30 17:49:59,213 - INFO -   Items Per Page: 10
2024-11-30 17:49:59,214 - INFO - Products Summary:
2024-11-30 17:49:59,214 - INFO -   Products Retrieved: 10
2024-11-30 17:49:59,214 - INFO -   Categories Present: Tools, EDC Gear, Accessories, Pens, Bundles
2024-11-30 17:49:59,215 - INFO -   Price Range: $23.00 - $202.00
2024-11-30 17:49:59,215 - INFO - Successfully fetched and processed product data
2024-11-30 17:49:59,215 - INFO - Updating UI with fetched products
2024-11-30 17:49:59,216 - INFO - UI update completed successfully
2024-11-30 17:49:59,217 - INFO - Product fetch operation completed
2024-11-30 17:49:59,217 - INFO - Application initialized. Log file: logs/product_dashboard_20241130_174959.log
2024-11-30 17:49:59,217 - INFO - Starting main loop
2024-11-30 17:50:01,312 - INFO - Fetching users from API
2024-11-30 17:50:01,412 - INFO - Updating UI with fetched users
2024-11-30 17:50:01,413 - INFO - Users UI update completed successfully
2024-11-30 17:50:02,449 - ERROR - Failed to fetch user details: 404
2024-11-30 17:50:02,450 - ERROR - Response content: <!DOCTYPE html>
<html lang="en">
<head>
<meta charset="utf-8">
<title>Error</title>
</head>
<body>
<pre>Cannot GET /api/users/admin/674b95e3f1a3ba0615772835</pre>
</body>
</html>

2024-11-30 17:50:03,014 - ERROR - Failed to fetch user details: 404
2024-11-30 17:50:03,014 - ERROR - Response content: <!DOCTYPE html>
<html lang="en">
<head>
<meta charset="utf-8">
<title>Error</title>
</head>
<body>
<pre>Cannot GET /api/users/admin/674b95e2f1a3ba0615772826</pre>
</body>
</html>

2024-11-30 17:50:06,310 - ERROR - Failed to fetch user details: 404
2024-11-30 17:50:06,311 - ERROR - Response content: <!DOCTYPE html>
<html lang="en">
<head>
<meta charset="utf-8">
<title>Error</title>
</head>
<body>
<pre>Cannot GET /api/users/admin/674b95e3f1a3ba0615772857</pre>
</body>
</html>

2024-11-30 17:50:06,799 - ERROR - Failed to fetch user details: 404
2024-11-30 17:50:06,800 - ERROR - Response content: <!DOCTYPE html>
<html lang="en">
<head>
<meta charset="utf-8">
<title>Error</title>
</head>
<body>
<pre>Cannot GET /api/users/admin/674b95e4f1a3ba061577286c</pre>
</body>
</html>

2024-11-30 17:50:07,290 - ERROR - Failed to fetch user details: 404
2024-11-30 17:50:07,291 - ERROR - Response content: <!DOCTYPE html>
<html lang="en">
<head>
<meta charset="utf-8">
<title>Error</title>
</head>
<body>
<pre>Cannot GET /api/users/admin/674b95e4f1a3ba0615772860</pre>
</body>
</html>

2024-11-30 17:50:07,673 - ERROR - Failed to fetch user details: 404
2024-11-30 17:50:07,673 - ERROR - Response content: <!DOCTYPE html>
<html lang="en">
<head>
<meta charset="utf-8">
<title>Error</title>
</head>
<body>
<pre>Cannot GET /api/users/admin/674b95e4f1a3ba0615772873</pre>
</body>
</html>

