2024-11-28 10:50:24,134 - INFO - Logging initialized
2024-11-28 10:50:24,134 - INFO - Starting Product Dashboard application
2024-11-28 10:50:24,221 - INFO - Initializing ProductDashboard
2024-11-28 10:50:24,254 - INFO - Performing initial data fetch
2024-11-28 10:50:24,255 - INFO - Fetching products from API - Page 1
2024-11-28 10:50:24,255 - INFO - API Request Details:
2024-11-28 10:50:24,255 - INFO -   Endpoint: http://localhost:5000/api/products
2024-11-28 10:50:24,256 - INFO -   Method: GET
2024-11-28 10:50:24,256 - INFO -   Parameters: {'page': 1, 'limit': 10}
2024-11-28 10:50:24,282 - INFO - API Response Details:
2024-11-28 10:50:24,283 - INFO -   Status Code: 200
2024-11-28 10:50:24,283 - INFO -   Response Time: 0.022 seconds
2024-11-28 10:50:24,283 - INFO -   Content Type: application/json; charset=utf-8
2024-11-28 10:50:24,284 - INFO - Pagination Details:
2024-11-28 10:50:24,284 - INFO -   Total Products: Not specified
2024-11-28 10:50:24,284 - INFO -   Current Page: 1
2024-11-28 10:50:24,284 - INFO -   Total Pages: 6
2024-11-28 10:50:24,285 - INFO -   Items Per Page: 10
2024-11-28 10:50:24,285 - INFO - Products Summary:
2024-11-28 10:50:24,285 - INFO -   Products Retrieved: 10
2024-11-28 10:50:24,285 - INFO -   Categories Present: Tools, Pens, Bundles, Accessories, EDC Gear
2024-11-28 10:50:24,286 - INFO -   Price Range: $28.42 - $179.00
2024-11-28 10:50:24,286 - INFO - Successfully fetched and processed product data
2024-11-28 10:50:24,286 - INFO - Updating UI with fetched products
2024-11-28 10:50:24,287 - INFO - UI update completed successfully
2024-11-28 10:50:24,287 - INFO - Product fetch operation completed
2024-11-28 10:50:24,288 - INFO - Application initialized. Log file: logs/product_dashboard_20241128_105024.log
2024-11-28 10:50:24,288 - INFO - Starting main loop
2024-11-28 10:50:34,180 - INFO - Showing add product dialog
