2024-11-30 20:06:29,171 - INFO - Logging initialized
2024-11-30 20:06:29,172 - INFO - Starting Product Dashboard application
2024-11-30 20:06:29,288 - INFO - Initializing ProductDashboard
2024-11-30 20:06:29,340 - INFO - Fetching products from API - Page 1
2024-11-30 20:06:29,340 - INFO - API Request Details:
2024-11-30 20:06:29,341 - INFO -   Endpoint: http://localhost:5000/api/products
2024-11-30 20:06:29,341 - INFO -   Method: GET
2024-11-30 20:06:29,341 - INFO -   Parameters: {'page': 1, 'limit': 10}
2024-11-30 20:06:29,368 - INFO - API Response Details:
2024-11-30 20:06:29,369 - INFO -   Status Code: 200
2024-11-30 20:06:29,369 - INFO -   Response Time: 0.024 seconds
2024-11-30 20:06:29,369 - INFO -   Content Type: application/json; charset=utf-8
2024-11-30 20:06:29,370 - INFO - Pagination Details:
2024-11-30 20:06:29,370 - INFO -   Total Products: Not specified
2024-11-30 20:06:29,370 - INFO -   Current Page: 1
2024-11-30 20:06:29,370 - INFO -   Total Pages: 5
2024-11-30 20:06:29,371 - INFO -   Items Per Page: 10
2024-11-30 20:06:29,371 - INFO - Products Summary:
2024-11-30 20:06:29,371 - INFO -   Products Retrieved: 10
2024-11-30 20:06:29,371 - INFO -   Categories Present: Accessories, Pens, Bundles, Tools
2024-11-30 20:06:29,371 - INFO -   Price Range: $27.00 - $210.00
2024-11-30 20:06:29,372 - INFO - Successfully fetched and processed product data
2024-11-30 20:06:29,372 - INFO - Updating UI with fetched products
2024-11-30 20:06:29,373 - INFO - UI update completed successfully
2024-11-30 20:06:29,373 - INFO - Product fetch operation completed
2024-11-30 20:06:29,374 - INFO - Performing initial data fetch
2024-11-30 20:06:29,374 - INFO - Fetching products from API - Page 1
2024-11-30 20:06:29,374 - INFO - API Request Details:
2024-11-30 20:06:29,374 - INFO -   Endpoint: http://localhost:5000/api/products
2024-11-30 20:06:29,375 - INFO -   Method: GET
2024-11-30 20:06:29,375 - INFO -   Parameters: {'page': 1, 'limit': 10}
2024-11-30 20:06:29,399 - INFO - API Response Details:
2024-11-30 20:06:29,400 - INFO -   Status Code: 200
2024-11-30 20:06:29,400 - INFO -   Response Time: 0.023 seconds
2024-11-30 20:06:29,400 - INFO -   Content Type: application/json; charset=utf-8
2024-11-30 20:06:29,401 - INFO - Pagination Details:
2024-11-30 20:06:29,401 - INFO -   Total Products: Not specified
2024-11-30 20:06:29,401 - INFO -   Current Page: 1
2024-11-30 20:06:29,402 - INFO -   Total Pages: 5
2024-11-30 20:06:29,402 - INFO -   Items Per Page: 10
2024-11-30 20:06:29,402 - INFO - Products Summary:
2024-11-30 20:06:29,402 - INFO -   Products Retrieved: 10
2024-11-30 20:06:29,403 - INFO -   Categories Present: Accessories, Pens, Bundles, Tools
2024-11-30 20:06:29,403 - INFO -   Price Range: $27.00 - $210.00
2024-11-30 20:06:29,403 - INFO - Successfully fetched and processed product data
2024-11-30 20:06:29,403 - INFO - Updating UI with fetched products
2024-11-30 20:06:29,405 - INFO - UI update completed successfully
2024-11-30 20:06:29,405 - INFO - Product fetch operation completed
2024-11-30 20:06:29,406 - INFO - Application initialized. Log file: logs/product_dashboard_20241130_200629.log
2024-11-30 20:06:29,406 - INFO - Starting main loop
2024-11-30 20:06:34,024 - INFO - Showing add product dialog
