2024-11-27 16:05:24,865 - INFO - Logging initialized
2024-11-27 16:05:24,865 - INFO - Starting Product Dashboard application
2024-11-27 16:05:24,939 - INFO - Initializing ProductDashboard
2024-11-27 16:05:24,965 - INFO - Performing initial data fetch
2024-11-27 16:05:24,965 - INFO - Fetching products from API - Page 1
2024-11-27 16:05:24,965 - INFO - API Request Details:
2024-11-27 16:05:24,966 - INFO -   Endpoint: http://localhost:5000/api/products
2024-11-27 16:05:24,966 - INFO -   Method: GET
2024-11-27 16:05:24,966 - INFO -   Parameters: {'page': 1, 'limit': 10}
2024-11-27 16:05:24,987 - INFO - API Response Details:
2024-11-27 16:05:24,987 - INFO -   Status Code: 200
2024-11-27 16:05:24,987 - INFO -   Response Time: 0.016 seconds
2024-11-27 16:05:24,988 - INFO -   Content Type: application/json; charset=utf-8
2024-11-27 16:05:24,988 - INFO - Pagination Details:
2024-11-27 16:05:24,988 - INFO -   Total Products: Not specified
2024-11-27 16:05:24,989 - INFO -   Current Page: 1
2024-11-27 16:05:24,989 - INFO -   Total Pages: 6
2024-11-27 16:05:24,989 - INFO -   Items Per Page: 10
2024-11-27 16:05:24,989 - INFO - Products Summary:
2024-11-27 16:05:24,989 - INFO -   Products Retrieved: 10
2024-11-27 16:05:24,989 - INFO -   Categories Present: Bundles, EDC Gear, Pens, Accessories, Tools
2024-11-27 16:05:24,989 - INFO -   Price Range: $2.00 - $183.80
2024-11-27 16:05:24,991 - INFO - Successfully fetched and processed product data
2024-11-27 16:05:24,991 - INFO - Updating UI with fetched products
2024-11-27 16:05:24,992 - INFO - UI update completed successfully
2024-11-27 16:05:24,993 - INFO - Product fetch operation completed
2024-11-27 16:05:24,993 - INFO - Application initialized. Log file: logs/product_dashboard_20241127_160524.log
2024-11-27 16:05:24,993 - INFO - Starting main loop
2024-11-27 16:05:27,595 - INFO - Showing add product dialog
2024-11-27 16:07:23,746 - INFO - Showing add product dialog
