2024-11-27 18:35:19,874 - INFO - Logging initialized
2024-11-27 18:35:19,874 - INFO - Starting Product Dashboard application
2024-11-27 18:35:19,949 - INFO - Initializing ProductDashboard
2024-11-27 18:35:19,973 - INFO - Performing initial data fetch
2024-11-27 18:35:19,973 - INFO - Fetching products from API - Page 1
2024-11-27 18:35:19,974 - INFO - API Request Details:
2024-11-27 18:35:19,974 - INFO -   Endpoint: http://localhost:5000/api/products
2024-11-27 18:35:19,974 - INFO -   Method: GET
2024-11-27 18:35:19,974 - INFO -   Parameters: {'page': 1, 'limit': 10}
2024-11-27 18:35:20,032 - INFO - API Response Details:
2024-11-27 18:35:20,033 - INFO -   Status Code: 200
2024-11-27 18:35:20,033 - INFO -   Response Time: 0.053 seconds
2024-11-27 18:35:20,034 - INFO -   Content Type: application/json; charset=utf-8
2024-11-27 18:35:20,034 - INFO - Pagination Details:
2024-11-27 18:35:20,034 - INFO -   Total Products: Not specified
2024-11-27 18:35:20,034 - INFO -   Current Page: 1
2024-11-27 18:35:20,035 - INFO -   Total Pages: 5
2024-11-27 18:35:20,035 - INFO -   Items Per Page: 10
2024-11-27 18:35:20,035 - INFO - Products Summary:
2024-11-27 18:35:20,035 - INFO -   Products Retrieved: 10
2024-11-27 18:35:20,035 - INFO -   Categories Present: Bundles, Tools, EDC Gear, Accessories, Pens
2024-11-27 18:35:20,036 - INFO -   Price Range: $23.00 - $203.00
2024-11-27 18:35:20,036 - INFO - Successfully fetched and processed product data
2024-11-27 18:35:20,036 - INFO - Updating UI with fetched products
2024-11-27 18:35:20,037 - INFO - UI update completed successfully
2024-11-27 18:35:20,037 - INFO - Product fetch operation completed
2024-11-27 18:35:20,037 - INFO - Application initialized. Log file: logs/product_dashboard_20241127_183519.log
2024-11-27 18:35:20,038 - INFO - Starting main loop
2024-11-27 18:35:23,528 - INFO - Moving to next page
2024-11-27 18:35:23,528 - INFO - Fetching products from API - Page 2
2024-11-27 18:35:23,528 - INFO - API Request Details:
2024-11-27 18:35:23,528 - INFO -   Endpoint: http://localhost:5000/api/products
2024-11-27 18:35:23,528 - INFO -   Method: GET
2024-11-27 18:35:23,529 - INFO -   Parameters: {'page': 2, 'limit': 10}
2024-11-27 18:35:23,555 - INFO - API Response Details:
2024-11-27 18:35:23,555 - INFO -   Status Code: 200
2024-11-27 18:35:23,556 - INFO -   Response Time: 0.025 seconds
2024-11-27 18:35:23,556 - INFO -   Content Type: application/json; charset=utf-8
2024-11-27 18:35:23,557 - INFO - Pagination Details:
2024-11-27 18:35:23,557 - INFO -   Total Products: Not specified
2024-11-27 18:35:23,557 - INFO -   Current Page: 2
2024-11-27 18:35:23,557 - INFO -   Total Pages: 5
2024-11-27 18:35:23,557 - INFO -   Items Per Page: 10
2024-11-27 18:35:23,557 - INFO - Products Summary:
2024-11-27 18:35:23,558 - INFO -   Products Retrieved: 10
2024-11-27 18:35:23,558 - INFO -   Categories Present: Accessories, Bundles, EDC Gear, Pens
2024-11-27 18:35:23,558 - INFO -   Price Range: $21.00 - $208.00
2024-11-27 18:35:23,558 - INFO - Successfully fetched and processed product data
2024-11-27 18:35:23,558 - INFO - Updating UI with fetched products
2024-11-27 18:35:23,559 - INFO - UI update completed successfully
2024-11-27 18:35:23,559 - INFO - Product fetch operation completed
2024-11-27 18:35:24,188 - INFO - Moving to next page
2024-11-27 18:35:24,189 - INFO - Fetching products from API - Page 3
2024-11-27 18:35:24,189 - INFO - API Request Details:
2024-11-27 18:35:24,189 - INFO -   Endpoint: http://localhost:5000/api/products
2024-11-27 18:35:24,190 - INFO -   Method: GET
2024-11-27 18:35:24,190 - INFO -   Parameters: {'page': 3, 'limit': 10}
2024-11-27 18:35:24,213 - INFO - API Response Details:
2024-11-27 18:35:24,213 - INFO -   Status Code: 200
2024-11-27 18:35:24,214 - INFO -   Response Time: 0.022 seconds
2024-11-27 18:35:24,214 - INFO -   Content Type: application/json; charset=utf-8
2024-11-27 18:35:24,214 - INFO - Pagination Details:
2024-11-27 18:35:24,215 - INFO -   Total Products: Not specified
2024-11-27 18:35:24,215 - INFO -   Current Page: 3
2024-11-27 18:35:24,215 - INFO -   Total Pages: 5
2024-11-27 18:35:24,215 - INFO -   Items Per Page: 10
2024-11-27 18:35:24,215 - INFO - Products Summary:
2024-11-27 18:35:24,216 - INFO -   Products Retrieved: 10
2024-11-27 18:35:24,216 - INFO -   Categories Present: Bundles, Tools, EDC Gear, Accessories, Pens
2024-11-27 18:35:24,216 - INFO -   Price Range: $30.00 - $207.00
2024-11-27 18:35:24,216 - INFO - Successfully fetched and processed product data
2024-11-27 18:35:24,216 - INFO - Updating UI with fetched products
2024-11-27 18:35:24,217 - INFO - UI update completed successfully
2024-11-27 18:35:24,218 - INFO - Product fetch operation completed
2024-11-27 18:35:24,830 - INFO - Moving to next page
2024-11-27 18:35:24,831 - INFO - Fetching products from API - Page 4
2024-11-27 18:35:24,831 - INFO - API Request Details:
2024-11-27 18:35:24,831 - INFO -   Endpoint: http://localhost:5000/api/products
2024-11-27 18:35:24,831 - INFO -   Method: GET
2024-11-27 18:35:24,831 - INFO -   Parameters: {'page': 4, 'limit': 10}
2024-11-27 18:35:24,865 - INFO - API Response Details:
2024-11-27 18:35:24,865 - INFO -   Status Code: 200
2024-11-27 18:35:24,865 - INFO -   Response Time: 0.032 seconds
2024-11-27 18:35:24,865 - INFO -   Content Type: application/json; charset=utf-8
2024-11-27 18:35:24,866 - INFO - Pagination Details:
2024-11-27 18:35:24,866 - INFO -   Total Products: Not specified
2024-11-27 18:35:24,866 - INFO -   Current Page: 4
2024-11-27 18:35:24,867 - INFO -   Total Pages: 5
2024-11-27 18:35:24,867 - INFO -   Items Per Page: 10
2024-11-27 18:35:24,867 - INFO - Products Summary:
2024-11-27 18:35:24,867 - INFO -   Products Retrieved: 10
2024-11-27 18:35:24,868 - INFO -   Categories Present: Accessories, Bundles, Tools, Pens
2024-11-27 18:35:24,868 - INFO -   Price Range: $29.00 - $217.00
2024-11-27 18:35:24,868 - INFO - Successfully fetched and processed product data
2024-11-27 18:35:24,868 - INFO - Updating UI with fetched products
2024-11-27 18:35:24,869 - INFO - UI update completed successfully
2024-11-27 18:35:24,870 - INFO - Product fetch operation completed
2024-11-27 18:35:25,132 - INFO - Moving to next page
2024-11-27 18:35:25,133 - INFO - Fetching products from API - Page 5
2024-11-27 18:35:25,133 - INFO - API Request Details:
2024-11-27 18:35:25,133 - INFO -   Endpoint: http://localhost:5000/api/products
2024-11-27 18:35:25,133 - INFO -   Method: GET
2024-11-27 18:35:25,134 - INFO -   Parameters: {'page': 5, 'limit': 10}
2024-11-27 18:35:25,152 - INFO - API Response Details:
2024-11-27 18:35:25,153 - INFO -   Status Code: 200
2024-11-27 18:35:25,153 - INFO -   Response Time: 0.017 seconds
2024-11-27 18:35:25,154 - INFO -   Content Type: application/json; charset=utf-8
2024-11-27 18:35:25,154 - INFO - Pagination Details:
2024-11-27 18:35:25,154 - INFO -   Total Products: Not specified
2024-11-27 18:35:25,154 - INFO -   Current Page: 5
2024-11-27 18:35:25,155 - INFO -   Total Pages: 5
2024-11-27 18:35:25,155 - INFO -   Items Per Page: 10
2024-11-27 18:35:25,155 - INFO - Products Summary:
2024-11-27 18:35:25,155 - INFO -   Products Retrieved: 10
2024-11-27 18:35:25,155 - INFO -   Categories Present: Accessories, Bundles, Tools, Pens
2024-11-27 18:35:25,156 - INFO -   Price Range: $19.99 - $177.00
2024-11-27 18:35:25,156 - INFO - Successfully fetched and processed product data
2024-11-27 18:35:25,156 - INFO - Updating UI with fetched products
2024-11-27 18:35:25,157 - INFO - UI update completed successfully
2024-11-27 18:35:25,157 - INFO - Product fetch operation completed
2024-11-27 18:35:41,684 - INFO - Fetching products from API - Page 5
2024-11-27 18:35:41,685 - INFO - API Request Details:
2024-11-27 18:35:41,685 - INFO -   Endpoint: http://localhost:5000/api/products
2024-11-27 18:35:41,686 - INFO -   Method: GET
2024-11-27 18:35:41,686 - INFO -   Parameters: {'page': 5, 'limit': 10}
2024-11-27 18:35:41,707 - INFO - API Response Details:
2024-11-27 18:35:41,708 - INFO -   Status Code: 200
2024-11-27 18:35:41,708 - INFO -   Response Time: 0.019 seconds
2024-11-27 18:35:41,708 - INFO -   Content Type: application/json; charset=utf-8
2024-11-27 18:35:41,709 - INFO - Pagination Details:
2024-11-27 18:35:41,709 - INFO -   Total Products: Not specified
2024-11-27 18:35:41,710 - INFO -   Current Page: 5
2024-11-27 18:35:41,710 - INFO -   Total Pages: 5
2024-11-27 18:35:41,710 - INFO -   Items Per Page: 10
2024-11-27 18:35:41,710 - INFO - Products Summary:
2024-11-27 18:35:41,710 - INFO -   Products Retrieved: 10
2024-11-27 18:35:41,710 - INFO -   Categories Present: Accessories, Bundles, Tools, Pens
2024-11-27 18:35:41,711 - INFO -   Price Range: $19.99 - $177.00
2024-11-27 18:35:41,711 - INFO - Successfully fetched and processed product data
2024-11-27 18:35:41,711 - INFO - Updating UI with fetched products
2024-11-27 18:35:41,712 - INFO - UI update completed successfully
2024-11-27 18:35:41,714 - INFO - Product fetch operation completed
2024-11-27 18:35:42,728 - INFO - Successfully uploaded image C:/Users/nickv/Downloads/MicroflowDiagram.png
