2024-11-27 17:34:06,283 - INFO - Logging initialized
2024-11-27 17:34:06,284 - INFO - Starting Product Dashboard application
2024-11-27 17:34:06,363 - INFO - Initializing ProductDashboard
2024-11-27 17:34:06,394 - INFO - Performing initial data fetch
2024-11-27 17:34:06,394 - INFO - Fetching products from API - Page 1
2024-11-27 17:34:06,396 - INFO - API Request Details:
2024-11-27 17:34:06,396 - INFO -   Endpoint: http://localhost:5000/api/products
2024-11-27 17:34:06,396 - INFO -   Method: GET
2024-11-27 17:34:06,397 - INFO -   Parameters: {'page': 1, 'limit': 10}
2024-11-27 17:34:06,419 - INFO - API Response Details:
2024-11-27 17:34:06,419 - INFO -   Status Code: 200
2024-11-27 17:34:06,419 - INFO -   Response Time: 0.017 seconds
2024-11-27 17:34:06,419 - INFO -   Content Type: application/json; charset=utf-8
2024-11-27 17:34:06,420 - INFO - Pagination Details:
2024-11-27 17:34:06,420 - INFO -   Total Products: Not specified
2024-11-27 17:34:06,420 - INFO -   Current Page: 1
2024-11-27 17:34:06,421 - INFO -   Total Pages: 6
2024-11-27 17:34:06,421 - INFO -   Items Per Page: 10
2024-11-27 17:34:06,421 - INFO - Products Summary:
2024-11-27 17:34:06,421 - INFO -   Products Retrieved: 10
2024-11-27 17:34:06,421 - INFO -   Categories Present: Tools, Accessories, EDC Gear, Bundles, Pens
2024-11-27 17:34:06,422 - INFO -   Price Range: $2.00 - $183.80
2024-11-27 17:34:06,422 - INFO - Successfully fetched and processed product data
2024-11-27 17:34:06,422 - INFO - Updating UI with fetched products
2024-11-27 17:34:06,423 - INFO - UI update completed successfully
2024-11-27 17:34:06,423 - INFO - Product fetch operation completed
2024-11-27 17:34:06,424 - INFO - Application initialized. Log file: logs/product_dashboard_20241127_173406.log
2024-11-27 17:34:06,424 - INFO - Starting main loop
2024-11-27 17:34:12,729 - INFO - Attempting to delete 3 products
2024-11-27 17:34:12,794 - INFO - Successfully deleted product 6747824d550f6e6bd74dd0f1
2024-11-27 17:34:12,807 - INFO - Successfully deleted product 67478853846f6450f98f43a6
2024-11-27 17:34:12,837 - INFO - Successfully deleted product 6747893d846f6450f98f46e2
2024-11-27 17:34:14,181 - INFO - Fetching products from API - Page 1
2024-11-27 17:34:14,181 - INFO - API Request Details:
2024-11-27 17:34:14,181 - INFO -   Endpoint: http://localhost:5000/api/products
2024-11-27 17:34:14,182 - INFO -   Method: GET
2024-11-27 17:34:14,182 - INFO -   Parameters: {'page': 1, 'limit': 10}
2024-11-27 17:34:14,197 - INFO - API Response Details:
2024-11-27 17:34:14,198 - INFO -   Status Code: 200
2024-11-27 17:34:14,198 - INFO -   Response Time: 0.014 seconds
2024-11-27 17:34:14,198 - INFO -   Content Type: application/json; charset=utf-8
2024-11-27 17:34:14,200 - INFO - Pagination Details:
2024-11-27 17:34:14,200 - INFO -   Total Products: Not specified
2024-11-27 17:34:14,200 - INFO -   Current Page: 1
2024-11-27 17:34:14,200 - INFO -   Total Pages: 5
2024-11-27 17:34:14,200 - INFO -   Items Per Page: 10
2024-11-27 17:34:14,201 - INFO - Products Summary:
2024-11-27 17:34:14,201 - INFO -   Products Retrieved: 10
2024-11-27 17:34:14,201 - INFO -   Categories Present: Tools, Accessories, EDC Gear, Bundles, Pens
2024-11-27 17:34:14,201 - INFO -   Price Range: $23.00 - $203.00
2024-11-27 17:34:14,202 - INFO - Successfully fetched and processed product data
2024-11-27 17:34:14,202 - INFO - Updating UI with fetched products
2024-11-27 17:34:14,203 - INFO - UI update completed successfully
2024-11-27 17:34:14,203 - INFO - Product fetch operation completed
